Using pre-set license
Built from '2021.3/staging' branch; Version is '2021.3.21f1 (1b156197d683) revision 1774945'; Using compiler version '192829333'; Build Type 'Release'
OS: 'Windows 11  (10.0.22621) 64bit Professional' Language: 'tr' Physical Memory: 16128 MB
BatchMode: 1, IsHumanControllingUs: 0, StartBugReporterOnCrash: 0, Is64bit: 1, IsPro: 1

COMMAND LINE ARGUMENTS:
C:\Program Files\Unity\Hub\Editor\2021.3.21f1\Editor\Unity.exe
-adb2
-batchMode
-noUpm
-name
AssetImportWorker4
-projectPath
D:/FU/ProgramingLanguages/Unity/PairingGame
-logFile
Logs/AssetImportWorker4.log
-srvPort
50460
Successfully changed project path to: D:/FU/ProgramingLanguages/Unity/PairingGame
D:/FU/ProgramingLanguages/Unity/PairingGame
[UnityMemory] Configuration Parameters - Can be set up in boot.config
    "memorysetup-bucket-allocator-granularity=16"
    "memorysetup-bucket-allocator-bucket-count=8"
    "memorysetup-bucket-allocator-block-size=33554432"
    "memorysetup-bucket-allocator-block-count=8"
    "memorysetup-main-allocator-block-size=16777216"
    "memorysetup-thread-allocator-block-size=16777216"
    "memorysetup-gfx-main-allocator-block-size=16777216"
    "memorysetup-gfx-thread-allocator-block-size=16777216"
    "memorysetup-cache-allocator-block-size=4194304"
    "memorysetup-typetree-allocator-block-size=2097152"
    "memorysetup-profiler-bucket-allocator-granularity=16"
    "memorysetup-profiler-bucket-allocator-bucket-count=8"
    "memorysetup-profiler-bucket-allocator-block-size=33554432"
    "memorysetup-profiler-bucket-allocator-block-count=8"
    "memorysetup-profiler-allocator-block-size=16777216"
    "memorysetup-profiler-editor-allocator-block-size=1048576"
    "memorysetup-temp-allocator-size-main=16777216"
    "memorysetup-job-temp-allocator-block-size=2097152"
    "memorysetup-job-temp-allocator-block-size-background=1048576"
    "memorysetup-job-temp-allocator-reduction-small-platforms=262144"
    "memorysetup-temp-allocator-size-background-worker=32768"
    "memorysetup-temp-allocator-size-job-worker=262144"
    "memorysetup-temp-allocator-size-preload-manager=33554432"
    "memorysetup-temp-allocator-size-nav-mesh-worker=65536"
    "memorysetup-temp-allocator-size-audio-worker=65536"
    "memorysetup-temp-allocator-size-cloud-worker=32768"
    "memorysetup-temp-allocator-size-gi-baking-worker=262144"
    "memorysetup-temp-allocator-size-gfx=262144"
Player connection [13828] Host "[IP] 192.168.1.10 [Port] 0 [Flags] 2 [Guid] 1546075784 [EditorId] 1546075784 [Version] 1048832 [Id] WindowsEditor(7,Monster) [Debug] 1 [PackageName] WindowsEditor [ProjectName] Editor" joined multi-casting on [225.0.0.222:54997]...

Player connection [13828] Host "[IP] 192.168.1.10 [Port] 0 [Flags] 2 [Guid] 1546075784 [EditorId] 1546075784 [Version] 1048832 [Id] WindowsEditor(7,Monster) [Debug] 1 [PackageName] WindowsEditor [ProjectName] Editor" joined alternative multi-casting on [225.0.0.222:34997]...

Refreshing native plugins compatible for Editor in 124.43 ms, found 4 plugins.
Preloading 0 native plugins for Editor in 0.00 ms.
Initialize engine version: 2021.3.21f1 (1b156197d683)
[Subsystems] Discovering subsystems at path C:/Program Files/Unity/Hub/Editor/2021.3.21f1/Editor/Data/Resources/UnitySubsystems
[Subsystems] Discovering subsystems at path D:/FU/ProgramingLanguages/Unity/PairingGame/Assets
GfxDevice: creating device client; threaded=0; jobified=0
Direct3D:
    Version:  Direct3D 11.0 [level 11.1]
    Renderer: NVIDIA GeForce RTX 3050 Ti Laptop GPU (ID=0x25a0)
    Vendor:   NVIDIA
    VRAM:     3976 MB
    Driver:   31.0.15.3141
Initialize mono
Mono path[0] = 'C:/Program Files/Unity/Hub/Editor/2021.3.21f1/Editor/Data/Managed'
Mono path[1] = 'C:/Program Files/Unity/Hub/Editor/2021.3.21f1/Editor/Data/MonoBleedingEdge/lib/mono/unityjit-win32'
Mono config path = 'C:/Program Files/Unity/Hub/Editor/2021.3.21f1/Editor/Data/MonoBleedingEdge/etc'
Using monoOptions --debugger-agent=transport=dt_socket,embedding=1,server=y,suspend=n,address=127.0.0.1:56692
Begin MonoManager ReloadAssembly
Registering precompiled unity dll's ...
Register platform support module: C:/Program Files/Unity/Hub/Editor/2021.3.21f1/Editor/Data/PlaybackEngines/WebGLSupport/UnityEditor.WebGL.Extensions.dll
Register platform support module: C:/Program Files/Unity/Hub/Editor/2021.3.21f1/Editor/Data/PlaybackEngines/WindowsStandaloneSupport/UnityEditor.WindowsStandalone.Extensions.dll
Registered in 0.003757 seconds.
Native extension for WindowsStandalone target not found
Native extension for WebGL target not found
Refreshing native plugins compatible for Editor in 76.31 ms, found 4 plugins.
Preloading 0 native plugins for Editor in 0.00 ms.
Mono: successfully reloaded assembly
- Completed reload, in  0.479 seconds
Domain Reload Profiling:
	ReloadAssembly (480ms)
		BeginReloadAssembly (68ms)
			ExecutionOrderSort (0ms)
			DisableScriptedObjects (0ms)
			BackupInstance (0ms)
			ReleaseScriptingObjects (0ms)
			CreateAndSetChildDomain (1ms)
		EndReloadAssembly (342ms)
			LoadAssemblies (66ms)
			RebuildTransferFunctionScriptingTraits (0ms)
			SetupTypeCache (73ms)
			ReleaseScriptCaches (0ms)
			RebuildScriptCaches (21ms)
			SetupLoadedEditorAssemblies (212ms)
				LogAssemblyErrors (0ms)
				InitializePlatformSupportModulesInManaged (6ms)
				SetLoadedEditorAssemblies (0ms)
				RefreshPlugins (76ms)
				BeforeProcessingInitializeOnLoad (1ms)
				ProcessInitializeOnLoadAttributes (95ms)
				ProcessInitializeOnLoadMethodAttributes (33ms)
				AfterProcessingInitializeOnLoad (0ms)
				EditorAssembliesLoaded (0ms)
			ExecutionOrderSort2 (0ms)
			AwakeInstancesAfterBackupRestoration (0ms)
Platform modules already initialized, skipping
Registering precompiled user dll's ...
Registered in 0.002837 seconds.
Begin MonoManager ReloadAssembly
Symbol file LoadedFromMemory doesn't match image D:\FU\ProgramingLanguages\Unity\PairingGame\Library\PackageCache\com.unity.visualscripting@1.8.0\Editor\VisualScripting.Core\Dependencies\YamlDotNet\Unity.VisualScripting.YamlDotNet.dll
Symbol file LoadedFromMemory doesn't match image D:\FU\ProgramingLanguages\Unity\PairingGame\Library\PackageCache\com.unity.visualscripting@1.8.0\Editor\VisualScripting.Core\Dependencies\DotNetZip\Unity.VisualScripting.IonicZip.dll
Native extension for WindowsStandalone target not found
Native extension for WebGL target not found
Refreshing native plugins compatible for Editor in 76.25 ms, found 4 plugins.
Preloading 0 native plugins for Editor in 0.00 ms.
Mono: successfully reloaded assembly
Package Manager log level set to [2]
- Completed reload, in  0.900 seconds
Domain Reload Profiling:
	ReloadAssembly (901ms)
		BeginReloadAssembly (100ms)
			ExecutionOrderSort (0ms)
			DisableScriptedObjects (4ms)
			BackupInstance (0ms)
			ReleaseScriptingObjects (0ms)
			CreateAndSetChildDomain (19ms)
		EndReloadAssembly (720ms)
			LoadAssemblies (85ms)
			RebuildTransferFunctionScriptingTraits (0ms)
			SetupTypeCache (180ms)
			ReleaseScriptCaches (0ms)
			RebuildScriptCaches (40ms)
			SetupLoadedEditorAssemblies (380ms)
				LogAssemblyErrors (0ms)
				InitializePlatformSupportModulesInManaged (4ms)
				SetLoadedEditorAssemblies (0ms)
				RefreshPlugins (76ms)
				BeforeProcessingInitializeOnLoad (72ms)
				ProcessInitializeOnLoadAttributes (181ms)
				ProcessInitializeOnLoadMethodAttributes (42ms)
				AfterProcessingInitializeOnLoad (5ms)
				EditorAssembliesLoaded (0ms)
			ExecutionOrderSort2 (0ms)
			AwakeInstancesAfterBackupRestoration (6ms)
Platform modules already initialized, skipping
========================================================================
Worker process is ready to serve import requests
Launched and connected shader compiler UnityShaderCompiler.exe after 0.07 seconds
Refreshing native plugins compatible for Editor in 0.94 ms, found 4 plugins.
Preloading 0 native plugins for Editor in 0.00 ms.
Unloading 3979 Unused Serialized files (Serialized files now loaded: 0)
Unloading 56 unused Assets / (228.8 KB). Loaded Objects now: 4417.
Memory consumption went from 150.1 MB to 149.9 MB.
Total: 3.691300 ms (FindLiveObjects: 0.285800 ms CreateObjectMapping: 0.130900 ms MarkObjects: 3.091400 ms  DeleteObjects: 0.181800 ms)

AssetImportParameters requested are different than current active one (requested -> active):
  custom:video-decoder-ogg-theora: a1e56fd34408186e4bbccfd4996cb3dc -> 
  custom:container-muxer-webm: aa71ff27fc2769a1b78a27578f13a17b -> 
  custom:container-demuxer-webm: 4f35f7cbe854078d1ac9338744f61a02 -> 
  custom:video-encoder-webm-vp8: eb34c28f22e8b96e1ab97ce403110664 -> 
  custom:video-codec-MediaFoundation-h265: 746d11721c4dcdbdad8f713fa42b33f4 -> 
  custom:audio-encoder-webm-vorbis: bf7c407c2cedff20999df2af8eb42d56 -> 
  custom:framework-win-MediaFoundation: 216162199b28c13a410421893ffa2e32 -> 
  custom:container-demuxer-ogg: 62fdf1f143b41e24485cea50d1cbac27 -> 
  custom:video-decoder-webm-vp8: 9c59270c3fd7afecdb556c50c9e8de78 -> 
  custom:audio-decoder-ogg-vorbis: bf7c407c2cedff20999df2af8eb42d56 -> 
========================================================================
Received Import Request.
  Time since last request: 148942.529431 seconds.
  path: Assets/BayatGames/Free Platform Game Assets/Tiles/2D Tiles ( Update 1.9 )/Autumn
  artifactKey: Guid(363aa7853fa685d4ebf0ffe665d5d764) Importer(815301076,1909f56bfc062723c751e8b465ee728b)
Start importing Assets/BayatGames/Free Platform Game Assets/Tiles/2D Tiles ( Update 1.9 )/Autumn using Guid(363aa7853fa685d4ebf0ffe665d5d764) Importer(815301076,1909f56bfc062723c751e8b465ee728b)  -> (artifact id: '277fe5ac43db4e812cecf256c4865f55') in 0.012123 seconds 
========================================================================
Received Import Request.
  Time since last request: 0.944539 seconds.
  path: Assets/BayatGames/Free Platform Game Assets/Tiles/2D Tiles ( Update 1.9 )/Autumn/128x128
  artifactKey: Guid(d0b96833c98824f41b330258b826b811) Importer(815301076,1909f56bfc062723c751e8b465ee728b)
Start importing Assets/BayatGames/Free Platform Game Assets/Tiles/2D Tiles ( Update 1.9 )/Autumn/128x128 using Guid(d0b96833c98824f41b330258b826b811) Importer(815301076,1909f56bfc062723c751e8b465ee728b)  -> (artifact id: '9d2f1b08114d042807e9cbca90368bfa') in 0.011069 seconds 
========================================================================
Received Import Request.
  Time since last request: 0.030209 seconds.
  path: Assets/BayatGames/Free Platform Game Assets/Tiles/2D Tiles ( Update 1.9 )/Autumn/128x128/Grass.png
  artifactKey: Guid(ee5ab12db0b73344f9a1c89177d56025) Importer(815301076,1909f56bfc062723c751e8b465ee728b)
Start importing Assets/BayatGames/Free Platform Game Assets/Tiles/2D Tiles ( Update 1.9 )/Autumn/128x128/Grass.png using Guid(ee5ab12db0b73344f9a1c89177d56025) Importer(815301076,1909f56bfc062723c751e8b465ee728b)  -> (artifact id: '4b1751cf3e92ceec3976e8e6edbe22a1') in 0.145437 seconds 
========================================================================
Received Import Request.
  Time since last request: 0.000034 seconds.
  path: Assets/BayatGames/Free Platform Game Assets/Tiles/2D Tiles ( Update 1.9 )/Autumn/128x128/GrassHillRight.png
  artifactKey: Guid(b7918b0510151184f8eaeb13c7e8a1ae) Importer(815301076,1909f56bfc062723c751e8b465ee728b)
Start importing Assets/BayatGames/Free Platform Game Assets/Tiles/2D Tiles ( Update 1.9 )/Autumn/128x128/GrassHillRight.png using Guid(b7918b0510151184f8eaeb13c7e8a1ae) Importer(815301076,1909f56bfc062723c751e8b465ee728b)  -> (artifact id: '3ed9b4f29a9f8b0420857a2189b5ac1a') in 0.022858 seconds 
========================================================================
Received Import Request.
  Time since last request: 0.000036 seconds.
  path: Assets/BayatGames/Free Platform Game Assets/Tiles/2D Tiles ( Update 1.9 )/Autumn/128x128/GrassHillRight2 DownShadow.png
  artifactKey: Guid(7a066788bddaf4443ac747cea9ab415c) Importer(815301076,1909f56bfc062723c751e8b465ee728b)
Start importing Assets/BayatGames/Free Platform Game Assets/Tiles/2D Tiles ( Update 1.9 )/Autumn/128x128/GrassHillRight2 DownShadow.png using Guid(7a066788bddaf4443ac747cea9ab415c) Importer(815301076,1909f56bfc062723c751e8b465ee728b)  -> (artifact id: '4685374760c434d1c811593c2fb1377a') in 0.025207 seconds 
========================================================================
Received Import Request.
  Time since last request: 189.030772 seconds.
  path: Assets/Grass.asset
  artifactKey: Guid(7cea91aee23e6e445a2421bfc55f335d) Importer(815301076,1909f56bfc062723c751e8b465ee728b)
Start importing Assets/Grass.asset using Guid(7cea91aee23e6e445a2421bfc55f335d) Importer(815301076,1909f56bfc062723c751e8b465ee728b)  -> (artifact id: 'd2ea9105f6b71f125a7177195c09a291') in 0.016839 seconds 
========================================================================
Received Import Request.
  Time since last request: 0.000036 seconds.
  path: Assets/GrassColumn.asset
  artifactKey: Guid(e2654679853842d4bbe65f705591b913) Importer(815301076,1909f56bfc062723c751e8b465ee728b)
Start importing Assets/GrassColumn.asset using Guid(e2654679853842d4bbe65f705591b913) Importer(815301076,1909f56bfc062723c751e8b465ee728b)  -> (artifact id: 'cf4986529de252ada47e6e478f18382b') in 0.013239 seconds 
========================================================================
Received Import Request.
  Time since last request: 0.000034 seconds.
  path: Assets/GrassHillRight.asset
  artifactKey: Guid(a7d51bee94763404eae3137423a3be3f) Importer(815301076,1909f56bfc062723c751e8b465ee728b)
Start importing Assets/GrassHillRight.asset using Guid(a7d51bee94763404eae3137423a3be3f) Importer(815301076,1909f56bfc062723c751e8b465ee728b)  -> (artifact id: '03dcf9b71ee42c2407e863538f1de16d') in 0.015031 seconds 
========================================================================
Received Import Request.
  Time since last request: 0.000029 seconds.
  path: Assets/GrassJoinHillRight2&Left2.asset
  artifactKey: Guid(9789d72f175bfe4499f29d577448c78b) Importer(815301076,1909f56bfc062723c751e8b465ee728b)
Start importing Assets/GrassJoinHillRight2&Left2.asset using Guid(9789d72f175bfe4499f29d577448c78b) Importer(815301076,1909f56bfc062723c751e8b465ee728b)  -> (artifact id: 'bc17d2dbfc7f6727d58064ff791e38ef') in 0.013277 seconds 
========================================================================
Received Import Request.
  Time since last request: 0.000053 seconds.
  path: Assets/GrassJoinHillRight2.asset
  artifactKey: Guid(cc91d3c203491a943b13072c6b335f75) Importer(815301076,1909f56bfc062723c751e8b465ee728b)
Start importing Assets/GrassJoinHillRight2.asset using Guid(cc91d3c203491a943b13072c6b335f75) Importer(815301076,1909f56bfc062723c751e8b465ee728b)  -> (artifact id: '6cd6357d40008f6c559c443c32b5fe66') in 0.010843 seconds 
========================================================================
Received Import Request.
  Time since last request: 0.000049 seconds.
  path: Assets/GrassHillLeft2.asset
  artifactKey: Guid(a5db52d8523218f4eb02cd22eb8b74e1) Importer(815301076,1909f56bfc062723c751e8b465ee728b)
Start importing Assets/GrassHillLeft2.asset using Guid(a5db52d8523218f4eb02cd22eb8b74e1) Importer(815301076,1909f56bfc062723c751e8b465ee728b)  -> (artifact id: '8f60354df4717d23364317e01757e0ea') in 0.015021 seconds 
========================================================================
Received Import Request.
  Time since last request: 0.000025 seconds.
  path: Assets/GrassJoinHillLeft2.asset
  artifactKey: Guid(0a503082df8bc224994488f3aaa8018e) Importer(815301076,1909f56bfc062723c751e8b465ee728b)
Start importing Assets/GrassJoinHillLeft2.asset using Guid(0a503082df8bc224994488f3aaa8018e) Importer(815301076,1909f56bfc062723c751e8b465ee728b)  -> (artifact id: '56a38337281526765111a6b1db071f4a') in 0.013823 seconds 
========================================================================
Received Import Request.
  Time since last request: 0.000025 seconds.
  path: Assets/GrassJoinHillLeft&Right.asset
  artifactKey: Guid(209ada2d7f50af24191aac714ec17486) Importer(815301076,1909f56bfc062723c751e8b465ee728b)
Start importing Assets/GrassJoinHillLeft&Right.asset using Guid(209ada2d7f50af24191aac714ec17486) Importer(815301076,1909f56bfc062723c751e8b465ee728b)  -> (artifact id: 'f9f6597983250690ae31b095100618f2') in 0.015756 seconds 
========================================================================
Received Import Request.
  Time since last request: 0.000027 seconds.
  path: Assets/GrassMid.asset
  artifactKey: Guid(59c35ed00cbfe0343b0d306fd7dc94ea) Importer(815301076,1909f56bfc062723c751e8b465ee728b)
Start importing Assets/GrassMid.asset using Guid(59c35ed00cbfe0343b0d306fd7dc94ea) Importer(815301076,1909f56bfc062723c751e8b465ee728b)  -> (artifact id: 'd9a6d33b482c8bbfdbeb57acd91e870d') in 0.013421 seconds 
========================================================================
Received Import Request.
  Time since last request: 0.000031 seconds.
  path: Assets/GrassHillRight2.asset
  artifactKey: Guid(a331df3eff3fa44498cd25f0d897d5fe) Importer(815301076,1909f56bfc062723c751e8b465ee728b)
Start importing Assets/GrassHillRight2.asset using Guid(a331df3eff3fa44498cd25f0d897d5fe) Importer(815301076,1909f56bfc062723c751e8b465ee728b)  -> (artifact id: '0790a7abb4247e89192d7b08f8960f17') in 0.013237 seconds 
========================================================================
Received Import Request.
  Time since last request: 0.000027 seconds.
  path: Assets/GrassCliffMid.asset
  artifactKey: Guid(3a7d58f63d0ccb0448701628474ea9c6) Importer(815301076,1909f56bfc062723c751e8b465ee728b)
Start importing Assets/GrassCliffMid.asset using Guid(3a7d58f63d0ccb0448701628474ea9c6) Importer(815301076,1909f56bfc062723c751e8b465ee728b)  -> (artifact id: '2cc250834cd66600cba681dccbfe5fa7') in 0.020875 seconds 
========================================================================
Received Import Request.
  Time since last request: 0.000048 seconds.
  path: Assets/GrassRight.asset
  artifactKey: Guid(6fd3024767c835a4b90421acbb6a164a) Importer(815301076,1909f56bfc062723c751e8b465ee728b)
Start importing Assets/GrassRight.asset using Guid(6fd3024767c835a4b90421acbb6a164a) Importer(815301076,1909f56bfc062723c751e8b465ee728b)  -> (artifact id: 'e301e43e76a320b3101588500d0af2f0') in 0.012671 seconds 
========================================================================
Received Import Request.
  Time since last request: 0.000050 seconds.
  path: Assets/GrassHillLeft2 DownShadow.asset
  artifactKey: Guid(ad66a2c2a1e99344cb7b07e25f5960e8) Importer(815301076,1909f56bfc062723c751e8b465ee728b)
Start importing Assets/GrassHillLeft2 DownShadow.asset using Guid(ad66a2c2a1e99344cb7b07e25f5960e8) Importer(815301076,1909f56bfc062723c751e8b465ee728b)  -> (artifact id: 'c2925b7afd615d8e60adf5bc6facd24a') in 0.014112 seconds 
========================================================================
Received Import Request.
  Time since last request: 0.000040 seconds.
  path: Assets/GrassJoinHillLeft2 DownShadow.asset
  artifactKey: Guid(a9222cbe226431e48b825c18a883d414) Importer(815301076,1909f56bfc062723c751e8b465ee728b)
Start importing Assets/GrassJoinHillLeft2 DownShadow.asset using Guid(a9222cbe226431e48b825c18a883d414) Importer(815301076,1909f56bfc062723c751e8b465ee728b)  -> (artifact id: 'd94f97f3eca63231e86cbf80056da9c5') in 0.013279 seconds 
Editor requested this worker to shutdown with reason: Scaling down because of idle timeout
AssetImportWorker is now disconnected from the server
Process exiting
Exiting without the bug reporter. Application will terminate with return code 0