Using pre-set license
Built from '2021.3/staging' branch; Version is '2021.3.21f1 (1b156197d683) revision 1774945'; Using compiler version '192829333'; Build Type 'Release'
OS: 'Windows 11  (10.0.22621) 64bit Professional' Language: 'tr' Physical Memory: 16128 MB
BatchMode: 1, IsHumanControllingUs: 0, StartBugReporterOnCrash: 0, Is64bit: 1, IsPro: 1

COMMAND LINE ARGUMENTS:
C:\Program Files\Unity\Hub\Editor\2021.3.21f1\Editor\Unity.exe
-adb2
-batchMode
-noUpm
-name
AssetImportWorker1
-projectPath
D:/FU/ProgramingLanguages/Unity/PairingGame
-logFile
Logs/AssetImportWorker1.log
-srvPort
50460
Successfully changed project path to: D:/FU/ProgramingLanguages/Unity/PairingGame
D:/FU/ProgramingLanguages/Unity/PairingGame
[UnityMemory] Configuration Parameters - Can be set up in boot.config
    "memorysetup-bucket-allocator-granularity=16"
    "memorysetup-bucket-allocator-bucket-count=8"
    "memorysetup-bucket-allocator-block-size=33554432"
    "memorysetup-bucket-allocator-block-count=8"
    "memorysetup-main-allocator-block-size=16777216"
    "memorysetup-thread-allocator-block-size=16777216"
    "memorysetup-gfx-main-allocator-block-size=16777216"
    "memorysetup-gfx-thread-allocator-block-size=16777216"
    "memorysetup-cache-allocator-block-size=4194304"
    "memorysetup-typetree-allocator-block-size=2097152"
    "memorysetup-profiler-bucket-allocator-granularity=16"
    "memorysetup-profiler-bucket-allocator-bucket-count=8"
    "memorysetup-profiler-bucket-allocator-block-size=33554432"
    "memorysetup-profiler-bucket-allocator-block-count=8"
    "memorysetup-profiler-allocator-block-size=16777216"
    "memorysetup-profiler-editor-allocator-block-size=1048576"
    "memorysetup-temp-allocator-size-main=16777216"
    "memorysetup-job-temp-allocator-block-size=2097152"
    "memorysetup-job-temp-allocator-block-size-background=1048576"
    "memorysetup-job-temp-allocator-reduction-small-platforms=262144"
    "memorysetup-temp-allocator-size-background-worker=32768"
    "memorysetup-temp-allocator-size-job-worker=262144"
    "memorysetup-temp-allocator-size-preload-manager=33554432"
    "memorysetup-temp-allocator-size-nav-mesh-worker=65536"
    "memorysetup-temp-allocator-size-audio-worker=65536"
    "memorysetup-temp-allocator-size-cloud-worker=32768"
    "memorysetup-temp-allocator-size-gi-baking-worker=262144"
    "memorysetup-temp-allocator-size-gfx=262144"
Player connection [30628] Host "[IP] 192.168.1.10 [Port] 0 [Flags] 2 [Guid] 2639359524 [EditorId] 2639359524 [Version] 1048832 [Id] WindowsEditor(7,Monster) [Debug] 1 [PackageName] WindowsEditor [ProjectName] Editor" joined multi-casting on [225.0.0.222:54997]...

Player connection [30628] Host "[IP] 192.168.1.10 [Port] 0 [Flags] 2 [Guid] 2639359524 [EditorId] 2639359524 [Version] 1048832 [Id] WindowsEditor(7,Monster) [Debug] 1 [PackageName] WindowsEditor [ProjectName] Editor" joined alternative multi-casting on [225.0.0.222:34997]...

Refreshing native plugins compatible for Editor in 105.23 ms, found 4 plugins.
Preloading 0 native plugins for Editor in 0.00 ms.
Initialize engine version: 2021.3.21f1 (1b156197d683)
[Subsystems] Discovering subsystems at path C:/Program Files/Unity/Hub/Editor/2021.3.21f1/Editor/Data/Resources/UnitySubsystems
[Subsystems] Discovering subsystems at path D:/FU/ProgramingLanguages/Unity/PairingGame/Assets
GfxDevice: creating device client; threaded=0; jobified=0
Direct3D:
    Version:  Direct3D 11.0 [level 11.1]
    Renderer: NVIDIA GeForce RTX 3050 Ti Laptop GPU (ID=0x25a0)
    Vendor:   NVIDIA
    VRAM:     3976 MB
    Driver:   31.0.15.3141
Initialize mono
Mono path[0] = 'C:/Program Files/Unity/Hub/Editor/2021.3.21f1/Editor/Data/Managed'
Mono path[1] = 'C:/Program Files/Unity/Hub/Editor/2021.3.21f1/Editor/Data/MonoBleedingEdge/lib/mono/unityjit-win32'
Mono config path = 'C:/Program Files/Unity/Hub/Editor/2021.3.21f1/Editor/Data/MonoBleedingEdge/etc'
Using monoOptions --debugger-agent=transport=dt_socket,embedding=1,server=y,suspend=n,address=127.0.0.1:56980
Begin MonoManager ReloadAssembly
Registering precompiled unity dll's ...
Register platform support module: C:/Program Files/Unity/Hub/Editor/2021.3.21f1/Editor/Data/PlaybackEngines/WebGLSupport/UnityEditor.WebGL.Extensions.dll
Register platform support module: C:/Program Files/Unity/Hub/Editor/2021.3.21f1/Editor/Data/PlaybackEngines/WindowsStandaloneSupport/UnityEditor.WindowsStandalone.Extensions.dll
Registered in 0.005171 seconds.
Native extension for WindowsStandalone target not found
Native extension for WebGL target not found
Refreshing native plugins compatible for Editor in 95.76 ms, found 4 plugins.
Preloading 0 native plugins for Editor in 0.00 ms.
Mono: successfully reloaded assembly
- Completed reload, in  0.785 seconds
Domain Reload Profiling:
	ReloadAssembly (786ms)
		BeginReloadAssembly (70ms)
			ExecutionOrderSort (0ms)
			DisableScriptedObjects (0ms)
			BackupInstance (0ms)
			ReleaseScriptingObjects (0ms)
			CreateAndSetChildDomain (1ms)
		EndReloadAssembly (605ms)
			LoadAssemblies (68ms)
			RebuildTransferFunctionScriptingTraits (0ms)
			SetupTypeCache (193ms)
			ReleaseScriptCaches (0ms)
			RebuildScriptCaches (38ms)
			SetupLoadedEditorAssemblies (317ms)
				LogAssemblyErrors (0ms)
				InitializePlatformSupportModulesInManaged (8ms)
				SetLoadedEditorAssemblies (0ms)
				RefreshPlugins (96ms)
				BeforeProcessingInitializeOnLoad (1ms)
				ProcessInitializeOnLoadAttributes (152ms)
				ProcessInitializeOnLoadMethodAttributes (59ms)
				AfterProcessingInitializeOnLoad (0ms)
				EditorAssembliesLoaded (0ms)
			ExecutionOrderSort2 (0ms)
			AwakeInstancesAfterBackupRestoration (0ms)
Platform modules already initialized, skipping
Registering precompiled user dll's ...
Registered in 0.003477 seconds.
Begin MonoManager ReloadAssembly
Symbol file LoadedFromMemory doesn't match image D:\FU\ProgramingLanguages\Unity\PairingGame\Library\PackageCache\com.unity.visualscripting@1.8.0\Editor\VisualScripting.Core\Dependencies\YamlDotNet\Unity.VisualScripting.YamlDotNet.dll
Symbol file LoadedFromMemory doesn't match image D:\FU\ProgramingLanguages\Unity\PairingGame\Library\PackageCache\com.unity.visualscripting@1.8.0\Editor\VisualScripting.Core\Dependencies\DotNetZip\Unity.VisualScripting.IonicZip.dll
Native extension for WindowsStandalone target not found
Native extension for WebGL target not found
Refreshing native plugins compatible for Editor in 67.56 ms, found 4 plugins.
Preloading 0 native plugins for Editor in 0.00 ms.
Mono: successfully reloaded assembly
Package Manager log level set to [2]
- Completed reload, in  1.167 seconds
Domain Reload Profiling:
	ReloadAssembly (1168ms)
		BeginReloadAssembly (123ms)
			ExecutionOrderSort (0ms)
			DisableScriptedObjects (6ms)
			BackupInstance (0ms)
			ReleaseScriptingObjects (0ms)
			CreateAndSetChildDomain (18ms)
		EndReloadAssembly (917ms)
			LoadAssemblies (105ms)
			RebuildTransferFunctionScriptingTraits (0ms)
			SetupTypeCache (274ms)
			ReleaseScriptCaches (0ms)
			RebuildScriptCaches (69ms)
			SetupLoadedEditorAssemblies (413ms)
				LogAssemblyErrors (0ms)
				InitializePlatformSupportModulesInManaged (4ms)
				SetLoadedEditorAssemblies (0ms)
				RefreshPlugins (68ms)
				BeforeProcessingInitializeOnLoad (84ms)
				ProcessInitializeOnLoadAttributes (219ms)
				ProcessInitializeOnLoadMethodAttributes (32ms)
				AfterProcessingInitializeOnLoad (5ms)
				EditorAssembliesLoaded (0ms)
			ExecutionOrderSort2 (0ms)
			AwakeInstancesAfterBackupRestoration (8ms)
Platform modules already initialized, skipping
========================================================================
Worker process is ready to serve import requests
Launched and connected shader compiler UnityShaderCompiler.exe after 0.04 seconds
Refreshing native plugins compatible for Editor in 1.15 ms, found 4 plugins.
Preloading 0 native plugins for Editor in 0.00 ms.
Unloading 3979 Unused Serialized files (Serialized files now loaded: 0)
Unloading 56 unused Assets / (229.1 KB). Loaded Objects now: 4417.
Memory consumption went from 150.0 MB to 149.8 MB.
Total: 4.339400 ms (FindLiveObjects: 0.214600 ms CreateObjectMapping: 0.103300 ms MarkObjects: 3.847600 ms  DeleteObjects: 0.172200 ms)

AssetImportParameters requested are different than current active one (requested -> active):
  custom:video-decoder-ogg-theora: a1e56fd34408186e4bbccfd4996cb3dc -> 
  custom:container-muxer-webm: aa71ff27fc2769a1b78a27578f13a17b -> 
  custom:container-demuxer-webm: 4f35f7cbe854078d1ac9338744f61a02 -> 
  custom:video-encoder-webm-vp8: eb34c28f22e8b96e1ab97ce403110664 -> 
  custom:video-codec-MediaFoundation-h265: 746d11721c4dcdbdad8f713fa42b33f4 -> 
  custom:audio-encoder-webm-vorbis: bf7c407c2cedff20999df2af8eb42d56 -> 
  custom:framework-win-MediaFoundation: 216162199b28c13a410421893ffa2e32 -> 
  custom:container-demuxer-ogg: 62fdf1f143b41e24485cea50d1cbac27 -> 
  custom:video-decoder-webm-vp8: 9c59270c3fd7afecdb556c50c9e8de78 -> 
  custom:audio-decoder-ogg-vorbis: bf7c407c2cedff20999df2af8eb42d56 -> 
========================================================================
Received Import Request.
  Time since last request: 148939.236032 seconds.
  path: Assets/BayatGames/Free Platform Game Assets/Tiles/2D Tiles ( Update 1.9 )/Spring/512x512/GrassCliffLeft.png
  artifactKey: Guid(b76c72f7cbd8c1e42a03ffb36f953d2a) Importer(815301076,1909f56bfc062723c751e8b465ee728b)
Start importing Assets/BayatGames/Free Platform Game Assets/Tiles/2D Tiles ( Update 1.9 )/Spring/512x512/GrassCliffLeft.png using Guid(b76c72f7cbd8c1e42a03ffb36f953d2a) Importer(815301076,1909f56bfc062723c751e8b465ee728b)  -> (artifact id: '6ec1af4080685d5b9956e82c75739c5e') in 0.176163 seconds 
========================================================================
Received Import Request.
  Time since last request: 0.000029 seconds.
  path: Assets/BayatGames/Free Platform Game Assets/Tiles/2D Tiles ( Update 1.9 )/Spring/512x512/GrassJoinHillLeft2.png
  artifactKey: Guid(2b1eed1b2eabc714fbdf60d46138a1d9) Importer(815301076,1909f56bfc062723c751e8b465ee728b)
Start importing Assets/BayatGames/Free Platform Game Assets/Tiles/2D Tiles ( Update 1.9 )/Spring/512x512/GrassJoinHillLeft2.png using Guid(2b1eed1b2eabc714fbdf60d46138a1d9) Importer(815301076,1909f56bfc062723c751e8b465ee728b)  -> (artifact id: '73001e2dd4409d006c9aa52a2e703c3f') in 0.029585 seconds 
========================================================================
Received Import Request.
  Time since last request: 0.000052 seconds.
  path: Assets/BayatGames/Free Platform Game Assets/Tiles/2D Tiles ( Update 1.9 )/Spring/512x512/GrassCliffMid.png
  artifactKey: Guid(7a24f3066187aeb4bb2b7d3024a672bf) Importer(815301076,1909f56bfc062723c751e8b465ee728b)
Start importing Assets/BayatGames/Free Platform Game Assets/Tiles/2D Tiles ( Update 1.9 )/Spring/512x512/GrassCliffMid.png using Guid(7a24f3066187aeb4bb2b7d3024a672bf) Importer(815301076,1909f56bfc062723c751e8b465ee728b)  -> (artifact id: 'd1673e23655624b8f42a321ab885c4fc') in 0.026315 seconds 
========================================================================
Received Import Request.
  Time since last request: 0.000028 seconds.
  path: Assets/BayatGames/Free Platform Game Assets/Tiles/2D Tiles ( Update 1.9 )/Spring/512x512/GrassHillRight2.png
  artifactKey: Guid(33e1c8f6c8dc7334ba153cf996998b74) Importer(815301076,1909f56bfc062723c751e8b465ee728b)
Start importing Assets/BayatGames/Free Platform Game Assets/Tiles/2D Tiles ( Update 1.9 )/Spring/512x512/GrassHillRight2.png using Guid(33e1c8f6c8dc7334ba153cf996998b74) Importer(815301076,1909f56bfc062723c751e8b465ee728b)  -> (artifact id: '9f9492fadfbbbcffdda50523bc93df6b') in 0.031444 seconds 
========================================================================
Received Import Request.
  Time since last request: 0.000038 seconds.
  path: Assets/BayatGames/Free Platform Game Assets/Tiles/2D Tiles ( Update 1.9 )/Spring/512x512/GrassJoinHillRight2.png
  artifactKey: Guid(c2b907e7f225cab408a7186a47242495) Importer(815301076,1909f56bfc062723c751e8b465ee728b)
Start importing Assets/BayatGames/Free Platform Game Assets/Tiles/2D Tiles ( Update 1.9 )/Spring/512x512/GrassJoinHillRight2.png using Guid(c2b907e7f225cab408a7186a47242495) Importer(815301076,1909f56bfc062723c751e8b465ee728b)  -> (artifact id: '1b248de4bfe299308d4d19094dec1b59') in 0.026665 seconds 
========================================================================
Received Import Request.
  Time since last request: 0.000023 seconds.
  path: Assets/BayatGames/Free Platform Game Assets/Tiles/2D Tiles ( Update 1.9 )/Spring/512x512/GrassJoinHillRight.png
  artifactKey: Guid(4cfa5cc8e05c17f49b9925c6f6b03e52) Importer(815301076,1909f56bfc062723c751e8b465ee728b)
Start importing Assets/BayatGames/Free Platform Game Assets/Tiles/2D Tiles ( Update 1.9 )/Spring/512x512/GrassJoinHillRight.png using Guid(4cfa5cc8e05c17f49b9925c6f6b03e52) Importer(815301076,1909f56bfc062723c751e8b465ee728b)  -> (artifact id: '268c375ad5c83da2b4aaead584b0a46f') in 0.026558 seconds 
========================================================================
Received Import Request.
  Time since last request: 0.000021 seconds.
  path: Assets/BayatGames/Free Platform Game Assets/Tiles/2D Tiles ( Update 1.9 )/Spring/512x512/GrassJoinHillRight2 DownShadow.png
  artifactKey: Guid(52a1814036464834f8724428abb9ce53) Importer(815301076,1909f56bfc062723c751e8b465ee728b)
Start importing Assets/BayatGames/Free Platform Game Assets/Tiles/2D Tiles ( Update 1.9 )/Spring/512x512/GrassJoinHillRight2 DownShadow.png using Guid(52a1814036464834f8724428abb9ce53) Importer(815301076,1909f56bfc062723c751e8b465ee728b)  -> (artifact id: '8afdf0b4a21b37eed0af79a81e0c7106') in 0.028209 seconds 
========================================================================
Received Import Request.
  Time since last request: 0.000031 seconds.
  path: Assets/BayatGames/Free Platform Game Assets/Tiles/2D Tiles ( Update 1.9 )/Spring/512x512/GrassRight.png
  artifactKey: Guid(2ad8cca6891ea674ebe8fe6194017093) Importer(815301076,1909f56bfc062723c751e8b465ee728b)
Start importing Assets/BayatGames/Free Platform Game Assets/Tiles/2D Tiles ( Update 1.9 )/Spring/512x512/GrassRight.png using Guid(2ad8cca6891ea674ebe8fe6194017093) Importer(815301076,1909f56bfc062723c751e8b465ee728b)  -> (artifact id: '6a2f10bf4e093cc9a1803c92bb8bbe6e') in 0.032879 seconds 
========================================================================
Received Import Request.
  Time since last request: 0.000027 seconds.
  path: Assets/BayatGames/Free Platform Game Assets/Tiles/2D Tiles ( Update 1.9 )/Spring/512x512/GrassCliffRight.png
  artifactKey: Guid(08595250fd6a565488e11bd469f79951) Importer(815301076,1909f56bfc062723c751e8b465ee728b)
Start importing Assets/BayatGames/Free Platform Game Assets/Tiles/2D Tiles ( Update 1.9 )/Spring/512x512/GrassCliffRight.png using Guid(08595250fd6a565488e11bd469f79951) Importer(815301076,1909f56bfc062723c751e8b465ee728b)  -> (artifact id: 'a5fe879b70f96dd2c3b5bd43ab9982a2') in 0.033303 seconds 
========================================================================
Received Import Request.
  Time since last request: 0.000031 seconds.
  path: Assets/BayatGames/Free Platform Game Assets/Tiles/2D Tiles ( Update 1.9 )/Spring/512x512/GrassMid.png
  artifactKey: Guid(d51dc24fb76e034449203ada02df7950) Importer(815301076,1909f56bfc062723c751e8b465ee728b)
Start importing Assets/BayatGames/Free Platform Game Assets/Tiles/2D Tiles ( Update 1.9 )/Spring/512x512/GrassMid.png using Guid(d51dc24fb76e034449203ada02df7950) Importer(815301076,1909f56bfc062723c751e8b465ee728b)  -> (artifact id: 'e304e75242face256612b79081bca9a6') in 0.034807 seconds 
========================================================================
Received Import Request.
  Time since last request: 3.811524 seconds.
  path: Assets/BayatGames/Free Platform Game Assets/Tiles/2D Tiles ( Update 1.9 )/Autumn/128x128/GrassCliffRight.png
  artifactKey: Guid(bfdb5b705f03df54da987501a4b8fce0) Importer(815301076,1909f56bfc062723c751e8b465ee728b)
Start importing Assets/BayatGames/Free Platform Game Assets/Tiles/2D Tiles ( Update 1.9 )/Autumn/128x128/GrassCliffRight.png using Guid(bfdb5b705f03df54da987501a4b8fce0) Importer(815301076,1909f56bfc062723c751e8b465ee728b)  -> (artifact id: '4a9a948dab24f360b40f24b140f58e34') in 0.025335 seconds 
========================================================================
Received Import Request.
  Time since last request: 0.000031 seconds.
  path: Assets/BayatGames/Free Platform Game Assets/Tiles/2D Tiles ( Update 1.9 )/Autumn/128x128/GrassJoinHillRight2.png
  artifactKey: Guid(a92e457a2f2fd7c4da172841b810de0d) Importer(815301076,1909f56bfc062723c751e8b465ee728b)
Start importing Assets/BayatGames/Free Platform Game Assets/Tiles/2D Tiles ( Update 1.9 )/Autumn/128x128/GrassJoinHillRight2.png using Guid(a92e457a2f2fd7c4da172841b810de0d) Importer(815301076,1909f56bfc062723c751e8b465ee728b)  -> (artifact id: '1850b164f64b0f4d10a65d5db49c46a8') in 0.016379 seconds 
========================================================================
Received Import Request.
  Time since last request: 0.000029 seconds.
  path: Assets/BayatGames/Free Platform Game Assets/Tiles/2D Tiles ( Update 1.9 )/Autumn/128x128/GrassJoinHillLeft2.png
  artifactKey: Guid(1da4f4e304173804ab15aaa0ae2b240d) Importer(815301076,1909f56bfc062723c751e8b465ee728b)
Start importing Assets/BayatGames/Free Platform Game Assets/Tiles/2D Tiles ( Update 1.9 )/Autumn/128x128/GrassJoinHillLeft2.png using Guid(1da4f4e304173804ab15aaa0ae2b240d) Importer(815301076,1909f56bfc062723c751e8b465ee728b)  -> (artifact id: '04ded5c9d67fe5459cff29d57bf0136f') in 0.021322 seconds 
========================================================================
Received Import Request.
  Time since last request: 0.000023 seconds.
  path: Assets/BayatGames/Free Platform Game Assets/Tiles/2D Tiles ( Update 1.9 )/Autumn/128x128/GrassJoinHillLeft2 DownShadow.png
  artifactKey: Guid(327a50b8eed10cf4e81f16418b093f98) Importer(815301076,1909f56bfc062723c751e8b465ee728b)
Start importing Assets/BayatGames/Free Platform Game Assets/Tiles/2D Tiles ( Update 1.9 )/Autumn/128x128/GrassJoinHillLeft2 DownShadow.png using Guid(327a50b8eed10cf4e81f16418b093f98) Importer(815301076,1909f56bfc062723c751e8b465ee728b)  -> (artifact id: '07dccb8fb48f4a0306d45dbc16e56d23') in 0.014836 seconds 
========================================================================
Received Import Request.
  Time since last request: 0.000036 seconds.
  path: Assets/BayatGames/Free Platform Game Assets/Tiles/2D Tiles ( Update 1.9 )/Autumn/128x128/GrassRight.png
  artifactKey: Guid(d97a6e0d370b9934daa6588cf7c54c30) Importer(815301076,1909f56bfc062723c751e8b465ee728b)
Start importing Assets/BayatGames/Free Platform Game Assets/Tiles/2D Tiles ( Update 1.9 )/Autumn/128x128/GrassRight.png using Guid(d97a6e0d370b9934daa6588cf7c54c30) Importer(815301076,1909f56bfc062723c751e8b465ee728b)  -> (artifact id: '6a8dae2f24d787d81baea8ff5238ab79') in 0.018979 seconds 
========================================================================
Received Import Request.
  Time since last request: 0.000058 seconds.
  path: Assets/BayatGames/Free Platform Game Assets/Tiles/2D Tiles ( Update 1.9 )/Autumn/128x128/GrassJoinHillRight2&Left2 DownShadow.png
  artifactKey: Guid(b4ea590163c55db47963405e2db5f20a) Importer(815301076,1909f56bfc062723c751e8b465ee728b)
Start importing Assets/BayatGames/Free Platform Game Assets/Tiles/2D Tiles ( Update 1.9 )/Autumn/128x128/GrassJoinHillRight2&Left2 DownShadow.png using Guid(b4ea590163c55db47963405e2db5f20a) Importer(815301076,1909f56bfc062723c751e8b465ee728b)  -> (artifact id: '3b7567ad07d41a8d0281ff52b2ae0817') in 0.021272 seconds 
========================================================================
Received Import Request.
  Time since last request: 0.000040 seconds.
  path: Assets/BayatGames/Free Platform Game Assets/Tiles/2D Tiles ( Update 1.9 )/Autumn/128x128/GrassMid.png
  artifactKey: Guid(81a811ecc61d9c14d93f7dbdeee253da) Importer(815301076,1909f56bfc062723c751e8b465ee728b)
Start importing Assets/BayatGames/Free Platform Game Assets/Tiles/2D Tiles ( Update 1.9 )/Autumn/128x128/GrassMid.png using Guid(81a811ecc61d9c14d93f7dbdeee253da) Importer(815301076,1909f56bfc062723c751e8b465ee728b)  -> (artifact id: '75ae690e3d48645feb1a6e2956be9d69') in 0.018081 seconds 
========================================================================
Received Import Request.
  Time since last request: 0.000032 seconds.
  path: Assets/BayatGames/Free Platform Game Assets/Tiles/2D Tiles ( Update 1.9 )/Autumn/128x128/GrassHillLeft.png
  artifactKey: Guid(67ff0ac2f6a9516408f3b2116d604e45) Importer(815301076,1909f56bfc062723c751e8b465ee728b)
Start importing Assets/BayatGames/Free Platform Game Assets/Tiles/2D Tiles ( Update 1.9 )/Autumn/128x128/GrassHillLeft.png using Guid(67ff0ac2f6a9516408f3b2116d604e45) Importer(815301076,1909f56bfc062723c751e8b465ee728b)  -> (artifact id: '9c2228cd4e5174caf87e4fe1126a546e') in 0.019144 seconds 
========================================================================
Received Import Request.
  Time since last request: 189.033643 seconds.
  path: Assets/GrassCliffLeft.asset
  artifactKey: Guid(ac39e13681e2a7149ab19d3c664eb53b) Importer(815301076,1909f56bfc062723c751e8b465ee728b)
Start importing Assets/GrassCliffLeft.asset using Guid(ac39e13681e2a7149ab19d3c664eb53b) Importer(815301076,1909f56bfc062723c751e8b465ee728b)  -> (artifact id: 'f545e9ba6d8eea76e6e46bb69efc1cc8') in 0.062205 seconds 
========================================================================
Received Import Request.
  Time since last request: 0.000032 seconds.
  path: Assets/GrassJoinHillRight.asset
  artifactKey: Guid(bab41fbf8ede8df4a9f1afc9b1041224) Importer(815301076,1909f56bfc062723c751e8b465ee728b)
Start importing Assets/GrassJoinHillRight.asset using Guid(bab41fbf8ede8df4a9f1afc9b1041224) Importer(815301076,1909f56bfc062723c751e8b465ee728b)  -> (artifact id: 'c6f08323229f01fa0332b3980572770e') in 0.011858 seconds 
========================================================================
Received Import Request.
  Time since last request: 0.000035 seconds.
  path: Assets/Palette.prefab
  artifactKey: Guid(b8c1ea6faf48e8742a33095fdafbd7d5) Importer(815301076,1909f56bfc062723c751e8b465ee728b)
Start importing Assets/Palette.prefab using Guid(b8c1ea6faf48e8742a33095fdafbd7d5) Importer(815301076,1909f56bfc062723c751e8b465ee728b)  -> (artifact id: '7e42071ef66b7c51d99fd25aa39dc39f') in 0.066284 seconds 
========================================================================
Received Import Request.
  Time since last request: 0.000034 seconds.
  path: Assets/GrassJoinHillRight2 DownShadow.asset
  artifactKey: Guid(0e5558fbb4bae56409143ec59e56fcb3) Importer(815301076,1909f56bfc062723c751e8b465ee728b)
Start importing Assets/GrassJoinHillRight2 DownShadow.asset using Guid(0e5558fbb4bae56409143ec59e56fcb3) Importer(815301076,1909f56bfc062723c751e8b465ee728b)  -> (artifact id: '774d89fab9d78d66ba067bfa45f381f1') in 0.011987 seconds 
========================================================================
Received Import Request.
  Time since last request: 0.000069 seconds.
  path: Assets/GrassLeft.asset
  artifactKey: Guid(4501c9606dbc86f44b589f5baa81558b) Importer(815301076,1909f56bfc062723c751e8b465ee728b)
Start importing Assets/GrassLeft.asset using Guid(4501c9606dbc86f44b589f5baa81558b) Importer(815301076,1909f56bfc062723c751e8b465ee728b)  -> (artifact id: '8465ca84dc92e37f247ed7aad9fceb97') in 0.013349 seconds 
========================================================================
Received Import Request.
  Time since last request: 0.000024 seconds.
  path: Assets/GrassJoinHillLeft.asset
  artifactKey: Guid(a74ecc193df29c847a7a2f0a4bbcf2cb) Importer(815301076,1909f56bfc062723c751e8b465ee728b)
Start importing Assets/GrassJoinHillLeft.asset using Guid(a74ecc193df29c847a7a2f0a4bbcf2cb) Importer(815301076,1909f56bfc062723c751e8b465ee728b)  -> (artifact id: '720420ce4652eeb0097cae293fd1da85') in 0.014041 seconds 
========================================================================
Received Import Request.
  Time since last request: 0.000034 seconds.
  path: Assets/GrassJoinHillRight2&Left2 DownShadow.asset
  artifactKey: Guid(14aed55d5e917374fb26a7cb94d5d2d6) Importer(815301076,1909f56bfc062723c751e8b465ee728b)
Start importing Assets/GrassJoinHillRight2&Left2 DownShadow.asset using Guid(14aed55d5e917374fb26a7cb94d5d2d6) Importer(815301076,1909f56bfc062723c751e8b465ee728b)  -> (artifact id: '69448e1eafadf11dff83ad8601a8d53f') in 0.012372 seconds 
========================================================================
Received Import Request.
  Time since last request: 0.000034 seconds.
  path: Assets/GrassCliffRight.asset
  artifactKey: Guid(7ac1c5edd708e20419b05089bab6e501) Importer(815301076,1909f56bfc062723c751e8b465ee728b)
Start importing Assets/GrassCliffRight.asset using Guid(7ac1c5edd708e20419b05089bab6e501) Importer(815301076,1909f56bfc062723c751e8b465ee728b)  -> (artifact id: 'e161db1205c58cf58cc9bee7365d29de') in 0.014003 seconds 
========================================================================
Received Import Request.
  Time since last request: 0.000040 seconds.
  path: Assets/GrassHillRight2 DownShadow.asset
  artifactKey: Guid(73499e62c287a93468746d69ca6fe8be) Importer(815301076,1909f56bfc062723c751e8b465ee728b)
Start importing Assets/GrassHillRight2 DownShadow.asset using Guid(73499e62c287a93468746d69ca6fe8be) Importer(815301076,1909f56bfc062723c751e8b465ee728b)  -> (artifact id: 'c245a0f9a2c5f725779b6916aa97a20a') in 0.012338 seconds 
========================================================================
Received Import Request.
  Time since last request: 0.000027 seconds.
  path: Assets/GrassHillLeft.asset
  artifactKey: Guid(bd07a1e1e4351c440ac646368598b45b) Importer(815301076,1909f56bfc062723c751e8b465ee728b)
Start importing Assets/GrassHillLeft.asset using Guid(bd07a1e1e4351c440ac646368598b45b) Importer(815301076,1909f56bfc062723c751e8b465ee728b)  -> (artifact id: '505afd4ab39007cf85821fb548da7947') in 0.012845 seconds 
Editor requested this worker to shutdown with reason: Scaling down because of idle timeout
AssetImportWorker is now disconnected from the server
Process exiting
Exiting without the bug reporter. Application will terminate with return code 0