Using pre-set license
Built from '2021.3/staging' branch; Version is '2021.3.21f1 (1b156197d683) revision 1774945'; Using compiler version '192829333'; Build Type 'Release'
OS: 'Windows 11  (10.0.22621) 64bit Professional' Language: 'tr' Physical Memory: 16128 MB
BatchMode: 1, IsHumanControllingUs: 0, StartBugReporterOnCrash: 0, Is64bit: 1, IsPro: 1

COMMAND LINE ARGUMENTS:
C:\Program Files\Unity\Hub\Editor\2021.3.21f1\Editor\Unity.exe
-adb2
-batchMode
-noUpm
-name
AssetImportWorker17
-projectPath
D:/FU/ProgramingLanguages/Unity/PairingGame
-logFile
Logs/AssetImportWorker17.log
-srvPort
50460
Successfully changed project path to: D:/FU/ProgramingLanguages/Unity/PairingGame
D:/FU/ProgramingLanguages/Unity/PairingGame
[UnityMemory] Configuration Parameters - Can be set up in boot.config
    "memorysetup-bucket-allocator-granularity=16"
    "memorysetup-bucket-allocator-bucket-count=8"
    "memorysetup-bucket-allocator-block-size=33554432"
    "memorysetup-bucket-allocator-block-count=8"
    "memorysetup-main-allocator-block-size=16777216"
    "memorysetup-thread-allocator-block-size=16777216"
    "memorysetup-gfx-main-allocator-block-size=16777216"
    "memorysetup-gfx-thread-allocator-block-size=16777216"
    "memorysetup-cache-allocator-block-size=4194304"
    "memorysetup-typetree-allocator-block-size=2097152"
    "memorysetup-profiler-bucket-allocator-granularity=16"
    "memorysetup-profiler-bucket-allocator-bucket-count=8"
    "memorysetup-profiler-bucket-allocator-block-size=33554432"
    "memorysetup-profiler-bucket-allocator-block-count=8"
    "memorysetup-profiler-allocator-block-size=16777216"
    "memorysetup-profiler-editor-allocator-block-size=1048576"
    "memorysetup-temp-allocator-size-main=16777216"
    "memorysetup-job-temp-allocator-block-size=2097152"
    "memorysetup-job-temp-allocator-block-size-background=1048576"
    "memorysetup-job-temp-allocator-reduction-small-platforms=262144"
    "memorysetup-temp-allocator-size-background-worker=32768"
    "memorysetup-temp-allocator-size-job-worker=262144"
    "memorysetup-temp-allocator-size-preload-manager=33554432"
    "memorysetup-temp-allocator-size-nav-mesh-worker=65536"
    "memorysetup-temp-allocator-size-audio-worker=65536"
    "memorysetup-temp-allocator-size-cloud-worker=32768"
    "memorysetup-temp-allocator-size-gi-baking-worker=262144"
    "memorysetup-temp-allocator-size-gfx=262144"
Player connection [8672] Host "[IP] 192.168.1.10 [Port] 0 [Flags] 2 [Guid] 3479534529 [EditorId] 3479534529 [Version] 1048832 [Id] WindowsEditor(7,Monster) [Debug] 1 [PackageName] WindowsEditor [ProjectName] Editor" joined multi-casting on [225.0.0.222:54997]...

Player connection [8672] Host "[IP] 192.168.1.10 [Port] 0 [Flags] 2 [Guid] 3479534529 [EditorId] 3479534529 [Version] 1048832 [Id] WindowsEditor(7,Monster) [Debug] 1 [PackageName] WindowsEditor [ProjectName] Editor" joined alternative multi-casting on [225.0.0.222:34997]...

Refreshing native plugins compatible for Editor in 119.23 ms, found 4 plugins.
Preloading 0 native plugins for Editor in 0.00 ms.
Initialize engine version: 2021.3.21f1 (1b156197d683)
[Subsystems] Discovering subsystems at path C:/Program Files/Unity/Hub/Editor/2021.3.21f1/Editor/Data/Resources/UnitySubsystems
[Subsystems] Discovering subsystems at path D:/FU/ProgramingLanguages/Unity/PairingGame/Assets
GfxDevice: creating device client; threaded=0; jobified=0
Direct3D:
    Version:  Direct3D 11.0 [level 11.1]
    Renderer: NVIDIA GeForce RTX 3050 Ti Laptop GPU (ID=0x25a0)
    Vendor:   NVIDIA
    VRAM:     3976 MB
    Driver:   31.0.15.3141
Initialize mono
Mono path[0] = 'C:/Program Files/Unity/Hub/Editor/2021.3.21f1/Editor/Data/Managed'
Mono path[1] = 'C:/Program Files/Unity/Hub/Editor/2021.3.21f1/Editor/Data/MonoBleedingEdge/lib/mono/unityjit-win32'
Mono config path = 'C:/Program Files/Unity/Hub/Editor/2021.3.21f1/Editor/Data/MonoBleedingEdge/etc'
Using monoOptions --debugger-agent=transport=dt_socket,embedding=1,server=y,suspend=n,address=127.0.0.1:56264
Begin MonoManager ReloadAssembly
Registering precompiled unity dll's ...
Register platform support module: C:/Program Files/Unity/Hub/Editor/2021.3.21f1/Editor/Data/PlaybackEngines/WebGLSupport/UnityEditor.WebGL.Extensions.dll
Register platform support module: C:/Program Files/Unity/Hub/Editor/2021.3.21f1/Editor/Data/PlaybackEngines/WindowsStandaloneSupport/UnityEditor.WindowsStandalone.Extensions.dll
Registered in 0.006385 seconds.
Native extension for WindowsStandalone target not found
Native extension for WebGL target not found
Refreshing native plugins compatible for Editor in 102.00 ms, found 4 plugins.
Preloading 0 native plugins for Editor in 0.00 ms.
Mono: successfully reloaded assembly
- Completed reload, in  0.686 seconds
Domain Reload Profiling:
	ReloadAssembly (687ms)
		BeginReloadAssembly (96ms)
			ExecutionOrderSort (0ms)
			DisableScriptedObjects (0ms)
			BackupInstance (0ms)
			ReleaseScriptingObjects (0ms)
			CreateAndSetChildDomain (2ms)
		EndReloadAssembly (490ms)
			LoadAssemblies (93ms)
			RebuildTransferFunctionScriptingTraits (0ms)
			SetupTypeCache (110ms)
			ReleaseScriptCaches (0ms)
			RebuildScriptCaches (31ms)
			SetupLoadedEditorAssemblies (291ms)
				LogAssemblyErrors (0ms)
				InitializePlatformSupportModulesInManaged (10ms)
				SetLoadedEditorAssemblies (0ms)
				RefreshPlugins (102ms)
				BeforeProcessingInitializeOnLoad (1ms)
				ProcessInitializeOnLoadAttributes (129ms)
				ProcessInitializeOnLoadMethodAttributes (49ms)
				AfterProcessingInitializeOnLoad (0ms)
				EditorAssembliesLoaded (0ms)
			ExecutionOrderSort2 (0ms)
			AwakeInstancesAfterBackupRestoration (0ms)
Platform modules already initialized, skipping
Registering precompiled user dll's ...
Registered in 0.006826 seconds.
Begin MonoManager ReloadAssembly
Symbol file LoadedFromMemory doesn't match image D:\FU\ProgramingLanguages\Unity\PairingGame\Library\PackageCache\com.unity.visualscripting@1.8.0\Editor\VisualScripting.Core\Dependencies\YamlDotNet\Unity.VisualScripting.YamlDotNet.dll
Symbol file LoadedFromMemory doesn't match image D:\FU\ProgramingLanguages\Unity\PairingGame\Library\PackageCache\com.unity.visualscripting@1.8.0\Editor\VisualScripting.Core\Dependencies\DotNetZip\Unity.VisualScripting.IonicZip.dll
Native extension for WindowsStandalone target not found
Native extension for WebGL target not found
Refreshing native plugins compatible for Editor in 101.27 ms, found 4 plugins.
Preloading 0 native plugins for Editor in 0.00 ms.
Mono: successfully reloaded assembly
Package Manager log level set to [2]
- Completed reload, in  1.447 seconds
Domain Reload Profiling:
	ReloadAssembly (1448ms)
		BeginReloadAssembly (141ms)
			ExecutionOrderSort (0ms)
			DisableScriptedObjects (6ms)
			BackupInstance (0ms)
			ReleaseScriptingObjects (0ms)
			CreateAndSetChildDomain (29ms)
		EndReloadAssembly (1184ms)
			LoadAssemblies (102ms)
			RebuildTransferFunctionScriptingTraits (0ms)
			SetupTypeCache (445ms)
			ReleaseScriptCaches (1ms)
			RebuildScriptCaches (66ms)
			SetupLoadedEditorAssemblies (521ms)
				LogAssemblyErrors (0ms)
				InitializePlatformSupportModulesInManaged (6ms)
				SetLoadedEditorAssemblies (0ms)
				RefreshPlugins (101ms)
				BeforeProcessingInitializeOnLoad (96ms)
				ProcessInitializeOnLoadAttributes (267ms)
				ProcessInitializeOnLoadMethodAttributes (45ms)
				AfterProcessingInitializeOnLoad (6ms)
				EditorAssembliesLoaded (0ms)
			ExecutionOrderSort2 (0ms)
			AwakeInstancesAfterBackupRestoration (8ms)
Platform modules already initialized, skipping
========================================================================
Worker process is ready to serve import requests
Launched and connected shader compiler UnityShaderCompiler.exe after 0.06 seconds
Refreshing native plugins compatible for Editor in 1.13 ms, found 4 plugins.
Preloading 0 native plugins for Editor in 0.00 ms.
Unloading 3979 Unused Serialized files (Serialized files now loaded: 0)
Unloading 56 unused Assets / (229.0 KB). Loaded Objects now: 4418.
Memory consumption went from 150.2 MB to 149.9 MB.
Total: 3.634500 ms (FindLiveObjects: 0.337800 ms CreateObjectMapping: 0.151700 ms MarkObjects: 2.942900 ms  DeleteObjects: 0.200600 ms)

AssetImportParameters requested are different than current active one (requested -> active):
  custom:video-decoder-ogg-theora: a1e56fd34408186e4bbccfd4996cb3dc -> 
  custom:container-muxer-webm: aa71ff27fc2769a1b78a27578f13a17b -> 
  custom:container-demuxer-webm: 4f35f7cbe854078d1ac9338744f61a02 -> 
  custom:video-encoder-webm-vp8: eb34c28f22e8b96e1ab97ce403110664 -> 
  custom:video-codec-MediaFoundation-h265: 746d11721c4dcdbdad8f713fa42b33f4 -> 
  custom:audio-encoder-webm-vorbis: bf7c407c2cedff20999df2af8eb42d56 -> 
  custom:framework-win-MediaFoundation: 216162199b28c13a410421893ffa2e32 -> 
  custom:container-demuxer-ogg: 62fdf1f143b41e24485cea50d1cbac27 -> 
  custom:video-decoder-webm-vp8: 9c59270c3fd7afecdb556c50c9e8de78 -> 
  custom:audio-decoder-ogg-vorbis: bf7c407c2cedff20999df2af8eb42d56 -> 
========================================================================
Received Import Request.
  Time since last request: 150441.908251 seconds.
  path: Assets/BayatGames/Free Platform Game Assets/Tiles/2.5D Tiles/Spring/png/512x512/Asset 41.png
  artifactKey: Guid(624a0688d4b7ca54d86863f782216fc9) Importer(815301076,1909f56bfc062723c751e8b465ee728b)
Start importing Assets/BayatGames/Free Platform Game Assets/Tiles/2.5D Tiles/Spring/png/512x512/Asset 41.png using Guid(624a0688d4b7ca54d86863f782216fc9) Importer(815301076,1909f56bfc062723c751e8b465ee728b)  -> (artifact id: '0a30ec799226d22be81c7a148dd52d14') in 0.148699 seconds 
========================================================================
Received Import Request.
  Time since last request: 0.000033 seconds.
  path: Assets/BayatGames/Free Platform Game Assets/Tiles/2.5D Tiles/Spring/png/512x512/GrassJoinHillLeft2_Down Shadow.png
  artifactKey: Guid(65cd38596b53f6d4d905906eb920e1f7) Importer(815301076,1909f56bfc062723c751e8b465ee728b)
Start importing Assets/BayatGames/Free Platform Game Assets/Tiles/2.5D Tiles/Spring/png/512x512/GrassJoinHillLeft2_Down Shadow.png using Guid(65cd38596b53f6d4d905906eb920e1f7) Importer(815301076,1909f56bfc062723c751e8b465ee728b)  -> (artifact id: '4e5571075bb2a20f242bcad0091064d8') in 0.025711 seconds 
========================================================================
Received Import Request.
  Time since last request: 0.000026 seconds.
  path: Assets/BayatGames/Free Platform Game Assets/Tiles/2.5D Tiles/Spring/png/512x512/GrassJoinHillLeft2.png
  artifactKey: Guid(a5c53868494123c41aa13b085219200a) Importer(815301076,1909f56bfc062723c751e8b465ee728b)
Start importing Assets/BayatGames/Free Platform Game Assets/Tiles/2.5D Tiles/Spring/png/512x512/GrassJoinHillLeft2.png using Guid(a5c53868494123c41aa13b085219200a) Importer(815301076,1909f56bfc062723c751e8b465ee728b)  -> (artifact id: 'bd6d79c0e02d79bc7a7595f137b2144f') in 0.024688 seconds 
========================================================================
Received Import Request.
  Time since last request: 0.000027 seconds.
  path: Assets/BayatGames/Free Platform Game Assets/Tiles/2.5D Tiles/Spring/png/512x512/column_up.png
  artifactKey: Guid(bcee5f9dfde2e2b46a25ac3129b47408) Importer(815301076,1909f56bfc062723c751e8b465ee728b)
Start importing Assets/BayatGames/Free Platform Game Assets/Tiles/2.5D Tiles/Spring/png/512x512/column_up.png using Guid(bcee5f9dfde2e2b46a25ac3129b47408) Importer(815301076,1909f56bfc062723c751e8b465ee728b)  -> (artifact id: '5f4a6c8a527f68c12e853af630a0c064') in 0.026541 seconds 
========================================================================
Received Import Request.
  Time since last request: 0.000046 seconds.
  path: Assets/BayatGames/Free Platform Game Assets/Tiles/2.5D Tiles/Spring/png/512x512/DirtDown.png
  artifactKey: Guid(5927a706fdb5a9341851e666e1ef4702) Importer(815301076,1909f56bfc062723c751e8b465ee728b)
Start importing Assets/BayatGames/Free Platform Game Assets/Tiles/2.5D Tiles/Spring/png/512x512/DirtDown.png using Guid(5927a706fdb5a9341851e666e1ef4702) Importer(815301076,1909f56bfc062723c751e8b465ee728b)  -> (artifact id: 'e2d1171c7fc4cb2790216a1df1749ae4') in 0.028855 seconds 
========================================================================
Received Import Request.
  Time since last request: 0.000024 seconds.
  path: Assets/BayatGames/Free Platform Game Assets/Tiles/2.5D Tiles/Spring/png/512x512/DirtRight.png
  artifactKey: Guid(df2e34fa16892e54799fdc5c9b78851b) Importer(815301076,1909f56bfc062723c751e8b465ee728b)
Start importing Assets/BayatGames/Free Platform Game Assets/Tiles/2.5D Tiles/Spring/png/512x512/DirtRight.png using Guid(df2e34fa16892e54799fdc5c9b78851b) Importer(815301076,1909f56bfc062723c751e8b465ee728b)  -> (artifact id: 'f5a14dc0306af8cac7b5662816e355c4') in 0.025009 seconds 
========================================================================
Received Import Request.
  Time since last request: 0.000022 seconds.
  path: Assets/BayatGames/Free Platform Game Assets/Tiles/2.5D Tiles/Spring/png/512x512/DirtLeftCorner.png
  artifactKey: Guid(2aaf0252aaf76fa49b0efd7b37329ca2) Importer(815301076,1909f56bfc062723c751e8b465ee728b)
Start importing Assets/BayatGames/Free Platform Game Assets/Tiles/2.5D Tiles/Spring/png/512x512/DirtLeftCorner.png using Guid(2aaf0252aaf76fa49b0efd7b37329ca2) Importer(815301076,1909f56bfc062723c751e8b465ee728b)  -> (artifact id: 'e3d3b8f6a9400372f7ac2e5bc9604a3c') in 0.033026 seconds 
========================================================================
Received Import Request.
  Time since last request: 0.000031 seconds.
  path: Assets/BayatGames/Free Platform Game Assets/Tiles/2.5D Tiles/Spring/png/512x512/GrassHillLeft2.png
  artifactKey: Guid(6a6c4353903055d40be13d0d3c64f657) Importer(815301076,1909f56bfc062723c751e8b465ee728b)
Start importing Assets/BayatGames/Free Platform Game Assets/Tiles/2.5D Tiles/Spring/png/512x512/GrassHillLeft2.png using Guid(6a6c4353903055d40be13d0d3c64f657) Importer(815301076,1909f56bfc062723c751e8b465ee728b)  -> (artifact id: 'd90045718f696c0e0f96bae3387ca753') in 0.028924 seconds 
========================================================================
Received Import Request.
  Time since last request: 0.000023 seconds.
  path: Assets/BayatGames/Free Platform Game Assets/Tiles/2.5D Tiles/Spring/png/512x512/GrassJoinHillRight2.png
  artifactKey: Guid(0ac4a1b6f2f2a48489417aac28f01fcc) Importer(815301076,1909f56bfc062723c751e8b465ee728b)
Start importing Assets/BayatGames/Free Platform Game Assets/Tiles/2.5D Tiles/Spring/png/512x512/GrassJoinHillRight2.png using Guid(0ac4a1b6f2f2a48489417aac28f01fcc) Importer(815301076,1909f56bfc062723c751e8b465ee728b)  -> (artifact id: 'c8b03da7c698889972adbcac47fbf2bc') in 0.027880 seconds 
========================================================================
Received Import Request.
  Time since last request: 0.000022 seconds.
  path: Assets/BayatGames/Free Platform Game Assets/Tiles/2.5D Tiles/Spring/png/512x512/GrassCliffLeft.png
  artifactKey: Guid(3adb8ebd7960b0749b9a4da6d4184cdc) Importer(815301076,1909f56bfc062723c751e8b465ee728b)
Start importing Assets/BayatGames/Free Platform Game Assets/Tiles/2.5D Tiles/Spring/png/512x512/GrassCliffLeft.png using Guid(3adb8ebd7960b0749b9a4da6d4184cdc) Importer(815301076,1909f56bfc062723c751e8b465ee728b)  -> (artifact id: '8552b5c2f7ea4fc8e385a43c1ead7579') in 0.024827 seconds 
========================================================================
Received Import Request.
  Time since last request: 0.000025 seconds.
  path: Assets/BayatGames/Free Platform Game Assets/Tiles/2.5D Tiles/Spring/png/512x512/GrassHillRight2.png
  artifactKey: Guid(a3c7ad09b6fe66740868f8555d0c5356) Importer(815301076,1909f56bfc062723c751e8b465ee728b)
Start importing Assets/BayatGames/Free Platform Game Assets/Tiles/2.5D Tiles/Spring/png/512x512/GrassHillRight2.png using Guid(a3c7ad09b6fe66740868f8555d0c5356) Importer(815301076,1909f56bfc062723c751e8b465ee728b)  -> (artifact id: 'b7b28598d2486c71869fd521896e77b8') in 0.026554 seconds 
========================================================================
Received Import Request.
  Time since last request: 0.000063 seconds.
  path: Assets/BayatGames/Free Platform Game Assets/Tiles/2.5D Tiles/Spring/png/512x512/GrassHillLeft2_Down Shadow.png
  artifactKey: Guid(093b5ce68a6abe24fbdf2c832bfc9ce8) Importer(815301076,1909f56bfc062723c751e8b465ee728b)
Start importing Assets/BayatGames/Free Platform Game Assets/Tiles/2.5D Tiles/Spring/png/512x512/GrassHillLeft2_Down Shadow.png using Guid(093b5ce68a6abe24fbdf2c832bfc9ce8) Importer(815301076,1909f56bfc062723c751e8b465ee728b)  -> (artifact id: '013572ed915c892aed558eb7580cbef2') in 0.035525 seconds 
========================================================================
Received Import Request.
  Time since last request: 0.000029 seconds.
  path: Assets/BayatGames/Free Platform Game Assets/Tiles/2.5D Tiles/Spring/png/512x512/DirtLeft.png
  artifactKey: Guid(cefc0421e98962c4baa883f84e44bb72) Importer(815301076,1909f56bfc062723c751e8b465ee728b)
Start importing Assets/BayatGames/Free Platform Game Assets/Tiles/2.5D Tiles/Spring/png/512x512/DirtLeft.png using Guid(cefc0421e98962c4baa883f84e44bb72) Importer(815301076,1909f56bfc062723c751e8b465ee728b)  -> (artifact id: 'f5d4576faed664b23f22e187a3eba600') in 0.026287 seconds 
Editor requested this worker to shutdown with reason: Scaling down because of idle timeout
AssetImportWorkerClient::OnTransportError - code=2 error=End of file
AssetImportWorker is now disconnected from the server
Process exiting
Exiting without the bug reporter. Application will terminate with return code 0