Using pre-set license
Built from '2021.3/staging' branch; Version is '2021.3.21f1 (1b156197d683) revision 1774945'; Using compiler version '192829333'; Build Type 'Release'
OS: 'Windows 11  (10.0.22621) 64bit Professional' Language: 'tr' Physical Memory: 16128 MB
BatchMode: 1, IsHumanControllingUs: 0, StartBugReporterOnCrash: 0, Is64bit: 1, IsPro: 1

COMMAND LINE ARGUMENTS:
C:\Program Files\Unity\Hub\Editor\2021.3.21f1\Editor\Unity.exe
-adb2
-batchMode
-noUpm
-name
AssetImportWorker12
-projectPath
D:/FU/ProgramingLanguages/Unity/PairingGame
-logFile
Logs/AssetImportWorker12.log
-srvPort
57686
Successfully changed project path to: D:/FU/ProgramingLanguages/Unity/PairingGame
D:/FU/ProgramingLanguages/Unity/PairingGame
[UnityMemory] Configuration Parameters - Can be set up in boot.config
    "memorysetup-bucket-allocator-granularity=16"
    "memorysetup-bucket-allocator-bucket-count=8"
    "memorysetup-bucket-allocator-block-size=33554432"
    "memorysetup-bucket-allocator-block-count=8"
    "memorysetup-main-allocator-block-size=16777216"
    "memorysetup-thread-allocator-block-size=16777216"
    "memorysetup-gfx-main-allocator-block-size=16777216"
    "memorysetup-gfx-thread-allocator-block-size=16777216"
    "memorysetup-cache-allocator-block-size=4194304"
    "memorysetup-typetree-allocator-block-size=2097152"
    "memorysetup-profiler-bucket-allocator-granularity=16"
    "memorysetup-profiler-bucket-allocator-bucket-count=8"
    "memorysetup-profiler-bucket-allocator-block-size=33554432"
    "memorysetup-profiler-bucket-allocator-block-count=8"
    "memorysetup-profiler-allocator-block-size=16777216"
    "memorysetup-profiler-editor-allocator-block-size=1048576"
    "memorysetup-temp-allocator-size-main=16777216"
    "memorysetup-job-temp-allocator-block-size=2097152"
    "memorysetup-job-temp-allocator-block-size-background=1048576"
    "memorysetup-job-temp-allocator-reduction-small-platforms=262144"
    "memorysetup-temp-allocator-size-background-worker=32768"
    "memorysetup-temp-allocator-size-job-worker=262144"
    "memorysetup-temp-allocator-size-preload-manager=33554432"
    "memorysetup-temp-allocator-size-nav-mesh-worker=65536"
    "memorysetup-temp-allocator-size-audio-worker=65536"
    "memorysetup-temp-allocator-size-cloud-worker=32768"
    "memorysetup-temp-allocator-size-gi-baking-worker=262144"
    "memorysetup-temp-allocator-size-gfx=262144"
Player connection [30628] Host "[IP] 192.168.1.10 [Port] 0 [Flags] 2 [Guid] 2333401732 [EditorId] 2333401732 [Version] 1048832 [Id] WindowsEditor(7,Monster) [Debug] 1 [PackageName] WindowsEditor [ProjectName] Editor" joined multi-casting on [225.0.0.222:54997]...

Player connection [30628] Host "[IP] 192.168.1.10 [Port] 0 [Flags] 2 [Guid] 2333401732 [EditorId] 2333401732 [Version] 1048832 [Id] WindowsEditor(7,Monster) [Debug] 1 [PackageName] WindowsEditor [ProjectName] Editor" joined alternative multi-casting on [225.0.0.222:34997]...

Refreshing native plugins compatible for Editor in 120.29 ms, found 4 plugins.
Preloading 0 native plugins for Editor in 0.00 ms.
Initialize engine version: 2021.3.21f1 (1b156197d683)
[Subsystems] Discovering subsystems at path C:/Program Files/Unity/Hub/Editor/2021.3.21f1/Editor/Data/Resources/UnitySubsystems
[Subsystems] Discovering subsystems at path D:/FU/ProgramingLanguages/Unity/PairingGame/Assets
GfxDevice: creating device client; threaded=0; jobified=0
Direct3D:
    Version:  Direct3D 11.0 [level 11.1]
    Renderer: NVIDIA GeForce RTX 3050 Ti Laptop GPU (ID=0x25a0)
    Vendor:   NVIDIA
    VRAM:     3976 MB
    Driver:   31.0.15.3141
Initialize mono
Mono path[0] = 'C:/Program Files/Unity/Hub/Editor/2021.3.21f1/Editor/Data/Managed'
Mono path[1] = 'C:/Program Files/Unity/Hub/Editor/2021.3.21f1/Editor/Data/MonoBleedingEdge/lib/mono/unityjit-win32'
Mono config path = 'C:/Program Files/Unity/Hub/Editor/2021.3.21f1/Editor/Data/MonoBleedingEdge/etc'
Using monoOptions --debugger-agent=transport=dt_socket,embedding=1,server=y,suspend=n,address=127.0.0.1:56636
Begin MonoManager ReloadAssembly
Registering precompiled unity dll's ...
Register platform support module: C:/Program Files/Unity/Hub/Editor/2021.3.21f1/Editor/Data/PlaybackEngines/WebGLSupport/UnityEditor.WebGL.Extensions.dll
Register platform support module: C:/Program Files/Unity/Hub/Editor/2021.3.21f1/Editor/Data/PlaybackEngines/WindowsStandaloneSupport/UnityEditor.WindowsStandalone.Extensions.dll
Registered in 0.006084 seconds.
Native extension for WindowsStandalone target not found
Native extension for WebGL target not found
Refreshing native plugins compatible for Editor in 103.91 ms, found 4 plugins.
Preloading 0 native plugins for Editor in 0.00 ms.
Mono: successfully reloaded assembly
- Completed reload, in  1.244 seconds
Domain Reload Profiling:
	ReloadAssembly (1244ms)
		BeginReloadAssembly (99ms)
			ExecutionOrderSort (0ms)
			DisableScriptedObjects (0ms)
			BackupInstance (0ms)
			ReleaseScriptingObjects (0ms)
			CreateAndSetChildDomain (1ms)
		EndReloadAssembly (782ms)
			LoadAssemblies (97ms)
			RebuildTransferFunctionScriptingTraits (0ms)
			SetupTypeCache (389ms)
			ReleaseScriptCaches (0ms)
			RebuildScriptCaches (29ms)
			SetupLoadedEditorAssemblies (307ms)
				LogAssemblyErrors (0ms)
				InitializePlatformSupportModulesInManaged (9ms)
				SetLoadedEditorAssemblies (0ms)
				RefreshPlugins (104ms)
				BeforeProcessingInitializeOnLoad (1ms)
				ProcessInitializeOnLoadAttributes (131ms)
				ProcessInitializeOnLoadMethodAttributes (61ms)
				AfterProcessingInitializeOnLoad (0ms)
				EditorAssembliesLoaded (0ms)
			ExecutionOrderSort2 (0ms)
			AwakeInstancesAfterBackupRestoration (0ms)
Platform modules already initialized, skipping
Registering precompiled user dll's ...
Registered in 0.004108 seconds.
Begin MonoManager ReloadAssembly
Symbol file LoadedFromMemory doesn't match image D:\FU\ProgramingLanguages\Unity\PairingGame\Library\PackageCache\com.unity.visualscripting@1.8.0\Editor\VisualScripting.Core\Dependencies\YamlDotNet\Unity.VisualScripting.YamlDotNet.dll
Symbol file LoadedFromMemory doesn't match image D:\FU\ProgramingLanguages\Unity\PairingGame\Library\PackageCache\com.unity.visualscripting@1.8.0\Editor\VisualScripting.Core\Dependencies\DotNetZip\Unity.VisualScripting.IonicZip.dll
Native extension for WindowsStandalone target not found
Native extension for WebGL target not found
Refreshing native plugins compatible for Editor in 100.12 ms, found 4 plugins.
Preloading 0 native plugins for Editor in 0.00 ms.
Mono: successfully reloaded assembly
Package Manager log level set to [2]
- Completed reload, in  1.410 seconds
Domain Reload Profiling:
	ReloadAssembly (1411ms)
		BeginReloadAssembly (141ms)
			ExecutionOrderSort (0ms)
			DisableScriptedObjects (5ms)
			BackupInstance (0ms)
			ReleaseScriptingObjects (0ms)
			CreateAndSetChildDomain (21ms)
		EndReloadAssembly (1142ms)
			LoadAssemblies (124ms)
			RebuildTransferFunctionScriptingTraits (0ms)
			SetupTypeCache (277ms)
			ReleaseScriptCaches (1ms)
			RebuildScriptCaches (65ms)
			SetupLoadedEditorAssemblies (637ms)
				LogAssemblyErrors (0ms)
				InitializePlatformSupportModulesInManaged (7ms)
				SetLoadedEditorAssemblies (0ms)
				RefreshPlugins (100ms)
				BeforeProcessingInitializeOnLoad (98ms)
				ProcessInitializeOnLoadAttributes (377ms)
				ProcessInitializeOnLoadMethodAttributes (46ms)
				AfterProcessingInitializeOnLoad (9ms)
				EditorAssembliesLoaded (0ms)
			ExecutionOrderSort2 (0ms)
			AwakeInstancesAfterBackupRestoration (9ms)
Platform modules already initialized, skipping
========================================================================
Worker process is ready to serve import requests
Launched and connected shader compiler UnityShaderCompiler.exe after 0.13 seconds
Refreshing native plugins compatible for Editor in 0.91 ms, found 4 plugins.
Preloading 0 native plugins for Editor in 0.00 ms.
Unloading 3979 Unused Serialized files (Serialized files now loaded: 0)
Unloading 56 unused Assets / (228.8 KB). Loaded Objects now: 4417.
Memory consumption went from 150.1 MB to 149.9 MB.
Total: 4.632200 ms (FindLiveObjects: 0.309600 ms CreateObjectMapping: 0.148900 ms MarkObjects: 3.948600 ms  DeleteObjects: 0.223600 ms)

AssetImportParameters requested are different than current active one (requested -> active):
  custom:video-decoder-ogg-theora: a1e56fd34408186e4bbccfd4996cb3dc -> 
  custom:container-muxer-webm: aa71ff27fc2769a1b78a27578f13a17b -> 
  custom:container-demuxer-webm: 4f35f7cbe854078d1ac9338744f61a02 -> 
  custom:video-encoder-webm-vp8: eb34c28f22e8b96e1ab97ce403110664 -> 
  custom:video-codec-MediaFoundation-h265: 746d11721c4dcdbdad8f713fa42b33f4 -> 
  custom:audio-encoder-webm-vorbis: bf7c407c2cedff20999df2af8eb42d56 -> 
  custom:framework-win-MediaFoundation: 216162199b28c13a410421893ffa2e32 -> 
  custom:container-demuxer-ogg: 62fdf1f143b41e24485cea50d1cbac27 -> 
  custom:video-decoder-webm-vp8: 9c59270c3fd7afecdb556c50c9e8de78 -> 
  custom:audio-decoder-ogg-vorbis: bf7c407c2cedff20999df2af8eb42d56 -> 
========================================================================
Received Import Request.
  Time since last request: 144350.678128 seconds.
  path: Assets/BayatGames/Free Platform Game Assets/GUI ( Update 1.7 )/png/Elements1024x512.png
  artifactKey: Guid(f87b1d42a16dc3e4691317c697a89892) Importer(815301076,1909f56bfc062723c751e8b465ee728b)
Start importing Assets/BayatGames/Free Platform Game Assets/GUI ( Update 1.7 )/png/Elements1024x512.png using Guid(f87b1d42a16dc3e4691317c697a89892) Importer(815301076,1909f56bfc062723c751e8b465ee728b)  -> (artifact id: '6d1c222d6df991c6e915457a6f5ddd18') in 0.134737 seconds 
========================================================================
Received Import Request.
  Time since last request: 0.000029 seconds.
  path: Assets/BayatGames/Free Platform Game Assets/GUI ( Update 1.7 )/png/Iconic2048x2048.png
  artifactKey: Guid(2676ff5c94fc9f1489d59bf570d079e3) Importer(815301076,1909f56bfc062723c751e8b465ee728b)
Start importing Assets/BayatGames/Free Platform Game Assets/GUI ( Update 1.7 )/png/Iconic2048x2048.png using Guid(2676ff5c94fc9f1489d59bf570d079e3) Importer(815301076,1909f56bfc062723c751e8b465ee728b)  -> (artifact id: '05c9a02d582dfef3eb8993d0642ff8cc') in 0.231366 seconds 
========================================================================
Received Import Request.
  Time since last request: 28.056490 seconds.
  path: Assets/BayatGames/Free Platform Game Assets/Tiles/2D Tiles ( Update 1.9 )/Winter/128x128/GrassCliffLeft.png
  artifactKey: Guid(595a4379816455e409d18ea6587a205a) Importer(815301076,1909f56bfc062723c751e8b465ee728b)
Start importing Assets/BayatGames/Free Platform Game Assets/Tiles/2D Tiles ( Update 1.9 )/Winter/128x128/GrassCliffLeft.png using Guid(595a4379816455e409d18ea6587a205a) Importer(815301076,1909f56bfc062723c751e8b465ee728b)  -> (artifact id: 'cc610bf584810fe035a5dffa0b5feb98') in 0.026149 seconds 
========================================================================
Received Import Request.
  Time since last request: 0.000030 seconds.
  path: Assets/BayatGames/Free Platform Game Assets/Tiles/2D Tiles ( Update 1.9 )/Winter/128x128/GrassHillRight2.png
  artifactKey: Guid(16903d1469b7d7b4e98d5157f3ae929c) Importer(815301076,1909f56bfc062723c751e8b465ee728b)
Start importing Assets/BayatGames/Free Platform Game Assets/Tiles/2D Tiles ( Update 1.9 )/Winter/128x128/GrassHillRight2.png using Guid(16903d1469b7d7b4e98d5157f3ae929c) Importer(815301076,1909f56bfc062723c751e8b465ee728b)  -> (artifact id: '14cd0ab79a1990190fc9ed30416c5b25') in 0.027889 seconds 
========================================================================
Received Import Request.
  Time since last request: 0.000025 seconds.
  path: Assets/BayatGames/Free Platform Game Assets/Tiles/2D Tiles ( Update 1.9 )/Winter/128x128/GrassRight.png
  artifactKey: Guid(cb04c576440da8048a313fe3e4a5bf82) Importer(815301076,1909f56bfc062723c751e8b465ee728b)
Start importing Assets/BayatGames/Free Platform Game Assets/Tiles/2D Tiles ( Update 1.9 )/Winter/128x128/GrassRight.png using Guid(cb04c576440da8048a313fe3e4a5bf82) Importer(815301076,1909f56bfc062723c751e8b465ee728b)  -> (artifact id: 'da0ac43f6660d793e02df565e22a183b') in 0.027479 seconds 
========================================================================
Received Import Request.
  Time since last request: 0.000026 seconds.
  path: Assets/BayatGames/Free Platform Game Assets/Tiles/2D Tiles ( Update 1.9 )/Winter/128x128/GrassLeft.png
  artifactKey: Guid(046fe8605027eb746a7712a2ccac8a42) Importer(815301076,1909f56bfc062723c751e8b465ee728b)
Start importing Assets/BayatGames/Free Platform Game Assets/Tiles/2D Tiles ( Update 1.9 )/Winter/128x128/GrassLeft.png using Guid(046fe8605027eb746a7712a2ccac8a42) Importer(815301076,1909f56bfc062723c751e8b465ee728b)  -> (artifact id: '8db22482333438d4bccc6911f9d8305e') in 0.024033 seconds 
========================================================================
Received Import Request.
  Time since last request: 0.000027 seconds.
  path: Assets/BayatGames/Free Platform Game Assets/Tiles/2D Tiles ( Update 1.9 )/Winter/128x128/GrassCliffRight.png
  artifactKey: Guid(e2a8735a67725e346a9574fc2f8285f8) Importer(815301076,1909f56bfc062723c751e8b465ee728b)
Start importing Assets/BayatGames/Free Platform Game Assets/Tiles/2D Tiles ( Update 1.9 )/Winter/128x128/GrassCliffRight.png using Guid(e2a8735a67725e346a9574fc2f8285f8) Importer(815301076,1909f56bfc062723c751e8b465ee728b)  -> (artifact id: '0de7326f93659e7da68cad59a1b0f17f') in 0.024248 seconds 
========================================================================
Received Import Request.
  Time since last request: 0.000034 seconds.
  path: Assets/BayatGames/Free Platform Game Assets/Tiles/2D Tiles ( Update 1.9 )/Winter/128x128/GrassJoinHillRight2 DownShadow.png
  artifactKey: Guid(904669bc7d34c1f4395678e241f8cb2e) Importer(815301076,1909f56bfc062723c751e8b465ee728b)
Start importing Assets/BayatGames/Free Platform Game Assets/Tiles/2D Tiles ( Update 1.9 )/Winter/128x128/GrassJoinHillRight2 DownShadow.png using Guid(904669bc7d34c1f4395678e241f8cb2e) Importer(815301076,1909f56bfc062723c751e8b465ee728b)  -> (artifact id: 'f8b230e2a8f2c28e45158ef4362e17e2') in 0.030728 seconds 
========================================================================
Received Import Request.
  Time since last request: 0.000028 seconds.
  path: Assets/BayatGames/Free Platform Game Assets/Tiles/2D Tiles ( Update 1.9 )/Winter/128x128/GrassColumn.png
  artifactKey: Guid(373e54a92a405164b88b39325f108fc3) Importer(815301076,1909f56bfc062723c751e8b465ee728b)
Start importing Assets/BayatGames/Free Platform Game Assets/Tiles/2D Tiles ( Update 1.9 )/Winter/128x128/GrassColumn.png using Guid(373e54a92a405164b88b39325f108fc3) Importer(815301076,1909f56bfc062723c751e8b465ee728b)  -> (artifact id: '6ea7d499f17d551a193664acf07e1532') in 0.027929 seconds 
========================================================================
Received Import Request.
  Time since last request: 9.816986 seconds.
  path: Assets/BayatGames/Free Platform Game Assets/Water Animation/2.5D View/png/1x/image 3.png
  artifactKey: Guid(65c75183a6c8beb47bb0cc6ff20ee48c) Importer(815301076,1909f56bfc062723c751e8b465ee728b)
Start importing Assets/BayatGames/Free Platform Game Assets/Water Animation/2.5D View/png/1x/image 3.png using Guid(65c75183a6c8beb47bb0cc6ff20ee48c) Importer(815301076,1909f56bfc062723c751e8b465ee728b)  -> (artifact id: '9377d576e9a505ff4d1c47e6e7e776df') in 0.030723 seconds 
========================================================================
Received Import Request.
  Time since last request: 0.000029 seconds.
  path: Assets/BayatGames/Free Platform Game Assets/Water Animation/2.5D View/png/1x/image 9.png
  artifactKey: Guid(b1e90afccf822704da75bdb6b381559a) Importer(815301076,1909f56bfc062723c751e8b465ee728b)
Start importing Assets/BayatGames/Free Platform Game Assets/Water Animation/2.5D View/png/1x/image 9.png using Guid(b1e90afccf822704da75bdb6b381559a) Importer(815301076,1909f56bfc062723c751e8b465ee728b)  -> (artifact id: '1d9d605f485f55d622306806c2c91929') in 0.028992 seconds 
========================================================================
Received Import Request.
  Time since last request: 0.000029 seconds.
  path: Assets/BayatGames/Free Platform Game Assets/Water Animation/2.5D View/png/1x/image 8.png
  artifactKey: Guid(30dcef64afd847e49874af90e4260565) Importer(815301076,1909f56bfc062723c751e8b465ee728b)
Start importing Assets/BayatGames/Free Platform Game Assets/Water Animation/2.5D View/png/1x/image 8.png using Guid(30dcef64afd847e49874af90e4260565) Importer(815301076,1909f56bfc062723c751e8b465ee728b)  -> (artifact id: '7fdccc4a278f59a2997555775cb737b4') in 0.027357 seconds 
========================================================================
Received Import Request.
  Time since last request: 0.000041 seconds.
  path: Assets/BayatGames/Free Platform Game Assets/Water Animation/2.5D View/png/1x/image 7.png
  artifactKey: Guid(a08e7d5756e97314c8124a7d93d8d748) Importer(815301076,1909f56bfc062723c751e8b465ee728b)
Start importing Assets/BayatGames/Free Platform Game Assets/Water Animation/2.5D View/png/1x/image 7.png using Guid(a08e7d5756e97314c8124a7d93d8d748) Importer(815301076,1909f56bfc062723c751e8b465ee728b)  -> (artifact id: '6bee5e55e7e2c37841bf932668e7c0d6') in 0.037340 seconds 
========================================================================
Received Import Request.
  Time since last request: 0.000029 seconds.
  path: Assets/BayatGames/Free Platform Game Assets/Water Animation/2.5D View/png/1x/image 11.png
  artifactKey: Guid(e4c60e2f2f89ac74b9a0726c38578931) Importer(815301076,1909f56bfc062723c751e8b465ee728b)
Start importing Assets/BayatGames/Free Platform Game Assets/Water Animation/2.5D View/png/1x/image 11.png using Guid(e4c60e2f2f89ac74b9a0726c38578931) Importer(815301076,1909f56bfc062723c751e8b465ee728b)  -> (artifact id: '8aab141454b7f35204d33ac59d0a3861') in 0.031463 seconds 
========================================================================
Received Prepare
Registering precompiled user dll's ...
Registered in 0.002838 seconds.
Begin MonoManager ReloadAssembly
Symbol file LoadedFromMemory doesn't match image D:\FU\ProgramingLanguages\Unity\PairingGame\Library\PackageCache\com.unity.visualscripting@1.8.0\Editor\VisualScripting.Core\Dependencies\YamlDotNet\Unity.VisualScripting.YamlDotNet.dll
Symbol file LoadedFromMemory doesn't match image D:\FU\ProgramingLanguages\Unity\PairingGame\Library\PackageCache\com.unity.visualscripting@1.8.0\Editor\VisualScripting.Core\Dependencies\DotNetZip\Unity.VisualScripting.IonicZip.dll
Native extension for WindowsStandalone target not found
Native extension for WebGL target not found
Refreshing native plugins compatible for Editor in 1.02 ms, found 4 plugins.
Preloading 0 native plugins for Editor in 0.00 ms.
Mono: successfully reloaded assembly
- Completed reload, in  1.081 seconds
Domain Reload Profiling:
	ReloadAssembly (1082ms)
		BeginReloadAssembly (149ms)
			ExecutionOrderSort (0ms)
			DisableScriptedObjects (6ms)
			BackupInstance (0ms)
			ReleaseScriptingObjects (0ms)
			CreateAndSetChildDomain (48ms)
		EndReloadAssembly (840ms)
			LoadAssemblies (87ms)
			RebuildTransferFunctionScriptingTraits (0ms)
			SetupTypeCache (235ms)
			ReleaseScriptCaches (2ms)
			RebuildScriptCaches (56ms)
			SetupLoadedEditorAssemblies (389ms)
				LogAssemblyErrors (0ms)
				InitializePlatformSupportModulesInManaged (7ms)
				SetLoadedEditorAssemblies (0ms)
				RefreshPlugins (1ms)
				BeforeProcessingInitializeOnLoad (86ms)
				ProcessInitializeOnLoadAttributes (240ms)
				ProcessInitializeOnLoadMethodAttributes (45ms)
				AfterProcessingInitializeOnLoad (8ms)
				EditorAssembliesLoaded (0ms)
			ExecutionOrderSort2 (0ms)
			AwakeInstancesAfterBackupRestoration (12ms)
Platform modules already initialized, skipping
Refreshing native plugins compatible for Editor in 3.62 ms, found 4 plugins.
Preloading 0 native plugins for Editor in 0.00 ms.
Unloading 3974 Unused Serialized files (Serialized files now loaded: 0)
Unloading 43 unused Assets / (195.5 KB). Loaded Objects now: 4431.
Memory consumption went from 153.9 MB to 153.7 MB.
Total: 3.766000 ms (FindLiveObjects: 0.332900 ms CreateObjectMapping: 0.298100 ms MarkObjects: 2.960100 ms  DeleteObjects: 0.173200 ms)

AssetImportParameters requested are different than current active one (requested -> active):
  custom:video-decoder-ogg-theora: a1e56fd34408186e4bbccfd4996cb3dc -> 
  custom:container-muxer-webm: aa71ff27fc2769a1b78a27578f13a17b -> 
  custom:container-demuxer-webm: 4f35f7cbe854078d1ac9338744f61a02 -> 
  custom:video-encoder-webm-vp8: eb34c28f22e8b96e1ab97ce403110664 -> 
  custom:video-codec-MediaFoundation-h265: 746d11721c4dcdbdad8f713fa42b33f4 -> 
  custom:audio-encoder-webm-vorbis: bf7c407c2cedff20999df2af8eb42d56 -> 
  custom:framework-win-MediaFoundation: 216162199b28c13a410421893ffa2e32 -> 
  custom:container-demuxer-ogg: 62fdf1f143b41e24485cea50d1cbac27 -> 
  custom:video-decoder-webm-vp8: 9c59270c3fd7afecdb556c50c9e8de78 -> 
  custom:audio-decoder-ogg-vorbis: bf7c407c2cedff20999df2af8eb42d56 -> 
========================================================================
Received Import Request.
  Time since last request: 77.113034 seconds.
  path: Assets/BayatGames/Free Platform Game Assets/Backgrounds/New Background ( Update 1.9 )
  artifactKey: Guid(e13d7f7d20e552d42a804d51055ef51c) Importer(815301076,1909f56bfc062723c751e8b465ee728b)
Start importing Assets/BayatGames/Free Platform Game Assets/Backgrounds/New Background ( Update 1.9 ) using Guid(e13d7f7d20e552d42a804d51055ef51c) Importer(815301076,1909f56bfc062723c751e8b465ee728b)  -> (artifact id: '4bcd73e5e3ab10d17ed4b4051b5542a7') in 0.018219 seconds 
========================================================================
Received Import Request.
  Time since last request: 1.717254 seconds.
  path: Assets/BayatGames/Free Platform Game Assets/Backgrounds/New Background ( Update 1.9 )/png
  artifactKey: Guid(e4650a51e5b87d345aeaf8c4558cf2a0) Importer(815301076,1909f56bfc062723c751e8b465ee728b)
Start importing Assets/BayatGames/Free Platform Game Assets/Backgrounds/New Background ( Update 1.9 )/png using Guid(e4650a51e5b87d345aeaf8c4558cf2a0) Importer(815301076,1909f56bfc062723c751e8b465ee728b)  -> (artifact id: '39e16598c52a30fe2ab7859c3d917bd1') in 0.009538 seconds 
========================================================================
Received Import Request.
  Time since last request: 1.001236 seconds.
  path: Assets/BayatGames/Free Platform Game Assets/Backgrounds/New Background ( Update 1.9 )/png/2048x1024
  artifactKey: Guid(7c71e2ce1efafe147805a071f066eef2) Importer(815301076,1909f56bfc062723c751e8b465ee728b)
Start importing Assets/BayatGames/Free Platform Game Assets/Backgrounds/New Background ( Update 1.9 )/png/2048x1024 using Guid(7c71e2ce1efafe147805a071f066eef2) Importer(815301076,1909f56bfc062723c751e8b465ee728b)  -> (artifact id: '70d5c6b63253f43c720367cd3b7833f4') in 0.007110 seconds 
========================================================================
Received Import Request.
  Time since last request: 2.031336 seconds.
  path: Assets/BayatGames/Free Platform Game Assets/Backgrounds/New Background ( Update 1.9 )/png/2048x1024/all
  artifactKey: Guid(da53f7d95c652c445b0c427216b3465b) Importer(815301076,1909f56bfc062723c751e8b465ee728b)
Start importing Assets/BayatGames/Free Platform Game Assets/Backgrounds/New Background ( Update 1.9 )/png/2048x1024/all using Guid(da53f7d95c652c445b0c427216b3465b) Importer(815301076,1909f56bfc062723c751e8b465ee728b)  -> (artifact id: '5650e24dbba8d20e39bb1dfd045d1e88') in 0.009377 seconds 
========================================================================
Received Import Request.
  Time since last request: 0.053126 seconds.
  path: Assets/BayatGames/Free Platform Game Assets/Backgrounds/New Background ( Update 1.9 )/png/2048x1024/all/Back.png
  artifactKey: Guid(1e2e16f0016b1b94d88e240e78fd93af) Importer(815301076,1909f56bfc062723c751e8b465ee728b)
Start importing Assets/BayatGames/Free Platform Game Assets/Backgrounds/New Background ( Update 1.9 )/png/2048x1024/all/Back.png using Guid(1e2e16f0016b1b94d88e240e78fd93af) Importer(815301076,1909f56bfc062723c751e8b465ee728b)  -> (artifact id: '5c95735ede89b2bec60c2de291ee5449') in 0.117251 seconds 
========================================================================
Received Import Request.
  Time since last request: 0.000017 seconds.
  path: Assets/BayatGames/Free Platform Game Assets/Backgrounds/New Background ( Update 1.9 )/png/2048x1024/all/Mid (2).png
  artifactKey: Guid(cefcb578291447e4ea3017aa8c45e657) Importer(815301076,1909f56bfc062723c751e8b465ee728b)
Start importing Assets/BayatGames/Free Platform Game Assets/Backgrounds/New Background ( Update 1.9 )/png/2048x1024/all/Mid (2).png using Guid(cefcb578291447e4ea3017aa8c45e657) Importer(815301076,1909f56bfc062723c751e8b465ee728b)  -> (artifact id: 'f23bad46d2e58044dc07bce0b64e9a0b') in 0.101932 seconds 
========================================================================
Received Import Request.
  Time since last request: 17.013852 seconds.
  path: Assets/BayatGames/Free Platform Game Assets/Backgrounds/New Background ( Update 1.9 )/png/2048x1024/backgraound/NewBackgraound 2048x1024 (2).png
  artifactKey: Guid(19d733bea3ea2de40bf6d0cfae1ed07b) Importer(815301076,1909f56bfc062723c751e8b465ee728b)
Start importing Assets/BayatGames/Free Platform Game Assets/Backgrounds/New Background ( Update 1.9 )/png/2048x1024/backgraound/NewBackgraound 2048x1024 (2).png using Guid(19d733bea3ea2de40bf6d0cfae1ed07b) Importer(815301076,1909f56bfc062723c751e8b465ee728b)  -> (artifact id: 'a1c2421cfb494717f1c70bc457de8c34') in 0.095515 seconds 
========================================================================
Received Import Request.
  Time since last request: 209.162870 seconds.
  path: Assets/BayatGames/Free Platform Game Assets/Water Animation/2D view ( Update 1.9 )/128x128/1-1x.png
  artifactKey: Guid(f79882f6d0651fe4ea92b2a889f628bb) Importer(815301076,1909f56bfc062723c751e8b465ee728b)
Start importing Assets/BayatGames/Free Platform Game Assets/Water Animation/2D view ( Update 1.9 )/128x128/1-1x.png using Guid(f79882f6d0651fe4ea92b2a889f628bb) Importer(815301076,1909f56bfc062723c751e8b465ee728b)  -> (artifact id: '5615c673b161563bac97c244c08f21d0') in 0.024607 seconds 
========================================================================
Received Import Request.
  Time since last request: 0.007075 seconds.
  path: Assets/BayatGames/Free Platform Game Assets/Water Animation/2D view ( Update 1.9 )/128x128/3-1x.png
  artifactKey: Guid(a260582f938233d49a933e9a0a9b84bc) Importer(815301076,1909f56bfc062723c751e8b465ee728b)
Start importing Assets/BayatGames/Free Platform Game Assets/Water Animation/2D view ( Update 1.9 )/128x128/3-1x.png using Guid(a260582f938233d49a933e9a0a9b84bc) Importer(815301076,1909f56bfc062723c751e8b465ee728b)  -> (artifact id: '82cbccc2c40e96205391b89c3be0c443') in 0.030910 seconds 
========================================================================
Received Import Request.
  Time since last request: 0.000028 seconds.
  path: Assets/BayatGames/Free Platform Game Assets/Water Animation/2D view ( Update 1.9 )/128x128/10-1x.png
  artifactKey: Guid(8850c8a40338c844ca8c39077744bd1c) Importer(815301076,1909f56bfc062723c751e8b465ee728b)
Start importing Assets/BayatGames/Free Platform Game Assets/Water Animation/2D view ( Update 1.9 )/128x128/10-1x.png using Guid(8850c8a40338c844ca8c39077744bd1c) Importer(815301076,1909f56bfc062723c751e8b465ee728b)  -> (artifact id: '3a3d69884fd74a0066f03803b878f83a') in 0.028485 seconds 
========================================================================
Received Import Request.
  Time since last request: 0.000023 seconds.
  path: Assets/BayatGames/Free Platform Game Assets/Water Animation/2D view ( Update 1.9 )/128x128/15-1x.png
  artifactKey: Guid(18bc0a66b0a09fb42b5f2526223fd314) Importer(815301076,1909f56bfc062723c751e8b465ee728b)
Start importing Assets/BayatGames/Free Platform Game Assets/Water Animation/2D view ( Update 1.9 )/128x128/15-1x.png using Guid(18bc0a66b0a09fb42b5f2526223fd314) Importer(815301076,1909f56bfc062723c751e8b465ee728b)  -> (artifact id: '297fd27616985eab2935f2985373cc19') in 0.026547 seconds 
========================================================================
Received Import Request.
  Time since last request: 0.000029 seconds.
  path: Assets/BayatGames/Free Platform Game Assets/Water Animation/2D view ( Update 1.9 )/128x128/16-1x.png
  artifactKey: Guid(cf8a41b3b2873ce40b14669e46079cae) Importer(815301076,1909f56bfc062723c751e8b465ee728b)
Start importing Assets/BayatGames/Free Platform Game Assets/Water Animation/2D view ( Update 1.9 )/128x128/16-1x.png using Guid(cf8a41b3b2873ce40b14669e46079cae) Importer(815301076,1909f56bfc062723c751e8b465ee728b)  -> (artifact id: '4a3d059d5996a0b4e5594ed40ea88beb') in 0.032616 seconds 
========================================================================
Received Import Request.
  Time since last request: 0.000020 seconds.
  path: Assets/BayatGames/Free Platform Game Assets/Water Animation/2D view ( Update 1.9 )/128x128/12-1x.png
  artifactKey: Guid(680ee6c7813178c4ab779c801a23c814) Importer(815301076,1909f56bfc062723c751e8b465ee728b)
Start importing Assets/BayatGames/Free Platform Game Assets/Water Animation/2D view ( Update 1.9 )/128x128/12-1x.png using Guid(680ee6c7813178c4ab779c801a23c814) Importer(815301076,1909f56bfc062723c751e8b465ee728b)  -> (artifact id: 'efbe64289530fefed8aa26c2becb2551') in 0.028283 seconds 
========================================================================
Received Import Request.
  Time since last request: 0.000048 seconds.
  path: Assets/BayatGames/Free Platform Game Assets/Water Animation/2D view ( Update 1.9 )/128x128/9-1x.png
  artifactKey: Guid(e74505abbd87d2940857da5004ef9bcc) Importer(815301076,1909f56bfc062723c751e8b465ee728b)
Start importing Assets/BayatGames/Free Platform Game Assets/Water Animation/2D view ( Update 1.9 )/128x128/9-1x.png using Guid(e74505abbd87d2940857da5004ef9bcc) Importer(815301076,1909f56bfc062723c751e8b465ee728b)  -> (artifact id: '316c66b077df2cbd4abd70067b98087f') in 0.030249 seconds 
========================================================================
Received Import Request.
  Time since last request: 0.000024 seconds.
  path: Assets/BayatGames/Free Platform Game Assets/Water Animation/2D view ( Update 1.9 )/128x128/7-1x.png
  artifactKey: Guid(a5b312117a0528c49b06fa3a96dfe236) Importer(815301076,1909f56bfc062723c751e8b465ee728b)
Start importing Assets/BayatGames/Free Platform Game Assets/Water Animation/2D view ( Update 1.9 )/128x128/7-1x.png using Guid(a5b312117a0528c49b06fa3a96dfe236) Importer(815301076,1909f56bfc062723c751e8b465ee728b)  -> (artifact id: '98b247ad4bd30233f9a92bbfd731fcea') in 0.027247 seconds 
========================================================================
Received Import Request.
  Time since last request: 2.407972 seconds.
  path: Assets/BayatGames/Free Platform Game Assets/Water Animation/2D view ( Update 1.9 )/512x512/1-4x.png
  artifactKey: Guid(91860808ac3774d4f8da7b5a81a3769a) Importer(815301076,1909f56bfc062723c751e8b465ee728b)
Start importing Assets/BayatGames/Free Platform Game Assets/Water Animation/2D view ( Update 1.9 )/512x512/1-4x.png using Guid(91860808ac3774d4f8da7b5a81a3769a) Importer(815301076,1909f56bfc062723c751e8b465ee728b)  -> (artifact id: '2271213e9406dd730437cf64accc7caf') in 0.039943 seconds 
========================================================================
Received Import Request.
  Time since last request: 0.000040 seconds.
  path: Assets/BayatGames/Free Platform Game Assets/Water Animation/2D view ( Update 1.9 )/512x512/6-4x.png
  artifactKey: Guid(7df63910e97f4d249a4392cc0648b481) Importer(815301076,1909f56bfc062723c751e8b465ee728b)
Start importing Assets/BayatGames/Free Platform Game Assets/Water Animation/2D view ( Update 1.9 )/512x512/6-4x.png using Guid(7df63910e97f4d249a4392cc0648b481) Importer(815301076,1909f56bfc062723c751e8b465ee728b)  -> (artifact id: '2e122c9b4d4ca8a544cdf3cce7aa04dc') in 0.036250 seconds 
========================================================================
Received Import Request.
  Time since last request: 0.000022 seconds.
  path: Assets/BayatGames/Free Platform Game Assets/Water Animation/2D view ( Update 1.9 )/512x512/11-4x.png
  artifactKey: Guid(9d3caf56dbcefd54984b27aa87c053da) Importer(815301076,1909f56bfc062723c751e8b465ee728b)
Start importing Assets/BayatGames/Free Platform Game Assets/Water Animation/2D view ( Update 1.9 )/512x512/11-4x.png using Guid(9d3caf56dbcefd54984b27aa87c053da) Importer(815301076,1909f56bfc062723c751e8b465ee728b)  -> (artifact id: 'c2d68a98f297e5386076b903eff4ecc2') in 0.050489 seconds 
========================================================================
Received Import Request.
  Time since last request: 0.000024 seconds.
  path: Assets/BayatGames/Free Platform Game Assets/Water Animation/2D view ( Update 1.9 )/512x512/9-4x.png
  artifactKey: Guid(f8b0b99c1edb1934f91ae691d1483098) Importer(815301076,1909f56bfc062723c751e8b465ee728b)
Start importing Assets/BayatGames/Free Platform Game Assets/Water Animation/2D view ( Update 1.9 )/512x512/9-4x.png using Guid(f8b0b99c1edb1934f91ae691d1483098) Importer(815301076,1909f56bfc062723c751e8b465ee728b)  -> (artifact id: 'de9d03c3badb47f150313b2915f4676e') in 0.037829 seconds 
========================================================================
Received Import Request.
  Time since last request: 0.000028 seconds.
  path: Assets/BayatGames/Free Platform Game Assets/Water Animation/2D view ( Update 1.9 )/512x512/12-4x.png
  artifactKey: Guid(cb29eeb5cb30c5d4e9162a06f6ffc1ef) Importer(815301076,1909f56bfc062723c751e8b465ee728b)
Start importing Assets/BayatGames/Free Platform Game Assets/Water Animation/2D view ( Update 1.9 )/512x512/12-4x.png using Guid(cb29eeb5cb30c5d4e9162a06f6ffc1ef) Importer(815301076,1909f56bfc062723c751e8b465ee728b)  -> (artifact id: '9f9bcce1f80eee721d2d18cdb9a7ffe0') in 0.040603 seconds 
========================================================================
Received Import Request.
  Time since last request: 0.000048 seconds.
  path: Assets/BayatGames/Free Platform Game Assets/Water Animation/2D view ( Update 1.9 )/512x512/5-4x.png
  artifactKey: Guid(3c4676c7ec40a1640a27d388e170741b) Importer(815301076,1909f56bfc062723c751e8b465ee728b)
Start importing Assets/BayatGames/Free Platform Game Assets/Water Animation/2D view ( Update 1.9 )/512x512/5-4x.png using Guid(3c4676c7ec40a1640a27d388e170741b) Importer(815301076,1909f56bfc062723c751e8b465ee728b)  -> (artifact id: 'f329169e8d6994741f81b358d5d99532') in 0.038263 seconds 
========================================================================
Received Import Request.
  Time since last request: 0.000025 seconds.
  path: Assets/BayatGames/Free Platform Game Assets/Water Animation/2D view ( Update 1.9 )/512x512/10-4x.png
  artifactKey: Guid(42aaf6941c099a34b888e19de9d4fa6b) Importer(815301076,1909f56bfc062723c751e8b465ee728b)
Start importing Assets/BayatGames/Free Platform Game Assets/Water Animation/2D view ( Update 1.9 )/512x512/10-4x.png using Guid(42aaf6941c099a34b888e19de9d4fa6b) Importer(815301076,1909f56bfc062723c751e8b465ee728b)  -> (artifact id: '0fba0fe27917e363a59bbad4f7131c68') in 0.041916 seconds 
========================================================================
Received Import Request.
  Time since last request: 0.000037 seconds.
  path: Assets/BayatGames/Free Platform Game Assets/Water Animation/2D view ( Update 1.9 )/512x512/14-4x.png
  artifactKey: Guid(44ed1dc8265394043a7a0dc801c6d884) Importer(815301076,1909f56bfc062723c751e8b465ee728b)
Start importing Assets/BayatGames/Free Platform Game Assets/Water Animation/2D view ( Update 1.9 )/512x512/14-4x.png using Guid(44ed1dc8265394043a7a0dc801c6d884) Importer(815301076,1909f56bfc062723c751e8b465ee728b)  -> (artifact id: '47fffc070ef376e10e15b1a942504caf') in 0.037576 seconds 
========================================================================
Received Import Request.
  Time since last request: 28.687632 seconds.
  path: Assets/BayatGames/Free Platform Game Assets/Water Animation/2D view ( Update 1.9 )/512x512/1-4x.png
  artifactKey: Guid(91860808ac3774d4f8da7b5a81a3769a) Importer(815301076,1909f56bfc062723c751e8b465ee728b)
Start importing Assets/BayatGames/Free Platform Game Assets/Water Animation/2D view ( Update 1.9 )/512x512/1-4x.png using Guid(91860808ac3774d4f8da7b5a81a3769a) Importer(815301076,1909f56bfc062723c751e8b465ee728b)  -> (artifact id: '6a6f96a2c39bb5c744276a9e648b765e') in 0.029110 seconds 
========================================================================
Received Import Request.
  Time since last request: 0.000031 seconds.
  path: Assets/BayatGames/Free Platform Game Assets/Water Animation/2D view ( Update 1.9 )/512x512/15-4x.png
  artifactKey: Guid(c2cd321f8fb067f40b5b0a5d836685b1) Importer(815301076,1909f56bfc062723c751e8b465ee728b)
Start importing Assets/BayatGames/Free Platform Game Assets/Water Animation/2D view ( Update 1.9 )/512x512/15-4x.png using Guid(c2cd321f8fb067f40b5b0a5d836685b1) Importer(815301076,1909f56bfc062723c751e8b465ee728b)  -> (artifact id: 'bd447a6d7c93d1d07f501db255b92395') in 0.029873 seconds 
========================================================================
Received Import Request.
  Time since last request: 0.000030 seconds.
  path: Assets/BayatGames/Free Platform Game Assets/Water Animation/2D view ( Update 1.9 )/512x512/13-4x.png
  artifactKey: Guid(26e4da524476ff348b7a168a22adb7f3) Importer(815301076,1909f56bfc062723c751e8b465ee728b)
Start importing Assets/BayatGames/Free Platform Game Assets/Water Animation/2D view ( Update 1.9 )/512x512/13-4x.png using Guid(26e4da524476ff348b7a168a22adb7f3) Importer(815301076,1909f56bfc062723c751e8b465ee728b)  -> (artifact id: '7fcce0ce132385d1491d024c85d15571') in 0.029977 seconds 
========================================================================
Received Import Request.
  Time since last request: 0.000055 seconds.
  path: Assets/BayatGames/Free Platform Game Assets/Water Animation/2D view ( Update 1.9 )/512x512/8-4x.png
  artifactKey: Guid(f6d6dc4b79c327749a2d98b6fd8567d1) Importer(815301076,1909f56bfc062723c751e8b465ee728b)
Start importing Assets/BayatGames/Free Platform Game Assets/Water Animation/2D view ( Update 1.9 )/512x512/8-4x.png using Guid(f6d6dc4b79c327749a2d98b6fd8567d1) Importer(815301076,1909f56bfc062723c751e8b465ee728b)  -> (artifact id: '195aeb9c1092f1a42e90885e59fa75c0') in 0.029402 seconds 
========================================================================
Received Import Request.
  Time since last request: 0.000043 seconds.
  path: Assets/BayatGames/Free Platform Game Assets/Water Animation/2D view ( Update 1.9 )/512x512/7-4x.png
  artifactKey: Guid(1bbd017b3dbbb4f47916467acaf329bd) Importer(815301076,1909f56bfc062723c751e8b465ee728b)
Start importing Assets/BayatGames/Free Platform Game Assets/Water Animation/2D view ( Update 1.9 )/512x512/7-4x.png using Guid(1bbd017b3dbbb4f47916467acaf329bd) Importer(815301076,1909f56bfc062723c751e8b465ee728b)  -> (artifact id: '6696053a0c481722cd6fa85edad62bcc') in 0.027235 seconds 
Editor requested this worker to shutdown with reason: Scaling down because of idle timeout
AssetImportWorker is now disconnected from the server
Process exiting
Exiting without the bug reporter. Application will terminate with return code 0