Using pre-set license
Built from '2021.3/staging' branch; Version is '2021.3.21f1 (1b156197d683) revision 1774945'; Using compiler version '192829333'; Build Type 'Release'
OS: 'Windows 11  (10.0.22621) 64bit Professional' Language: 'tr' Physical Memory: 16128 MB
BatchMode: 1, IsHumanControllingUs: 0, StartBugReporterOnCrash: 0, Is64bit: 1, IsPro: 1

COMMAND LINE ARGUMENTS:
C:\Program Files\Unity\Hub\Editor\2021.3.21f1\Editor\Unity.exe
-adb2
-batchMode
-noUpm
-name
AssetImportWorker21
-projectPath
D:/FU/ProgramingLanguages/Unity/PairingGame
-logFile
Logs/AssetImportWorker21.log
-srvPort
57686
Successfully changed project path to: D:/FU/ProgramingLanguages/Unity/PairingGame
D:/FU/ProgramingLanguages/Unity/PairingGame
[UnityMemory] Configuration Parameters - Can be set up in boot.config
    "memorysetup-bucket-allocator-granularity=16"
    "memorysetup-bucket-allocator-bucket-count=8"
    "memorysetup-bucket-allocator-block-size=33554432"
    "memorysetup-bucket-allocator-block-count=8"
    "memorysetup-main-allocator-block-size=16777216"
    "memorysetup-thread-allocator-block-size=16777216"
    "memorysetup-gfx-main-allocator-block-size=16777216"
    "memorysetup-gfx-thread-allocator-block-size=16777216"
    "memorysetup-cache-allocator-block-size=4194304"
    "memorysetup-typetree-allocator-block-size=2097152"
    "memorysetup-profiler-bucket-allocator-granularity=16"
    "memorysetup-profiler-bucket-allocator-bucket-count=8"
    "memorysetup-profiler-bucket-allocator-block-size=33554432"
    "memorysetup-profiler-bucket-allocator-block-count=8"
    "memorysetup-profiler-allocator-block-size=16777216"
    "memorysetup-profiler-editor-allocator-block-size=1048576"
    "memorysetup-temp-allocator-size-main=16777216"
    "memorysetup-job-temp-allocator-block-size=2097152"
    "memorysetup-job-temp-allocator-block-size-background=1048576"
    "memorysetup-job-temp-allocator-reduction-small-platforms=262144"
    "memorysetup-temp-allocator-size-background-worker=32768"
    "memorysetup-temp-allocator-size-job-worker=262144"
    "memorysetup-temp-allocator-size-preload-manager=33554432"
    "memorysetup-temp-allocator-size-nav-mesh-worker=65536"
    "memorysetup-temp-allocator-size-audio-worker=65536"
    "memorysetup-temp-allocator-size-cloud-worker=32768"
    "memorysetup-temp-allocator-size-gi-baking-worker=262144"
    "memorysetup-temp-allocator-size-gfx=262144"
Player connection [21636] Host "[IP] 192.168.1.10 [Port] 0 [Flags] 2 [Guid] 288396059 [EditorId] 288396059 [Version] 1048832 [Id] WindowsEditor(7,Monster) [Debug] 1 [PackageName] WindowsEditor [ProjectName] Editor" joined multi-casting on [225.0.0.222:54997]...

Player connection [21636] Host "[IP] 192.168.1.10 [Port] 0 [Flags] 2 [Guid] 288396059 [EditorId] 288396059 [Version] 1048832 [Id] WindowsEditor(7,Monster) [Debug] 1 [PackageName] WindowsEditor [ProjectName] Editor" joined alternative multi-casting on [225.0.0.222:34997]...

Refreshing native plugins compatible for Editor in 102.40 ms, found 4 plugins.
Preloading 0 native plugins for Editor in 0.00 ms.
Initialize engine version: 2021.3.21f1 (1b156197d683)
[Subsystems] Discovering subsystems at path C:/Program Files/Unity/Hub/Editor/2021.3.21f1/Editor/Data/Resources/UnitySubsystems
[Subsystems] Discovering subsystems at path D:/FU/ProgramingLanguages/Unity/PairingGame/Assets
GfxDevice: creating device client; threaded=0; jobified=0
Direct3D:
    Version:  Direct3D 11.0 [level 11.1]
    Renderer: NVIDIA GeForce RTX 3050 Ti Laptop GPU (ID=0x25a0)
    Vendor:   NVIDIA
    VRAM:     3976 MB
    Driver:   31.0.15.3141
Initialize mono
Mono path[0] = 'C:/Program Files/Unity/Hub/Editor/2021.3.21f1/Editor/Data/Managed'
Mono path[1] = 'C:/Program Files/Unity/Hub/Editor/2021.3.21f1/Editor/Data/MonoBleedingEdge/lib/mono/unityjit-win32'
Mono config path = 'C:/Program Files/Unity/Hub/Editor/2021.3.21f1/Editor/Data/MonoBleedingEdge/etc'
Using monoOptions --debugger-agent=transport=dt_socket,embedding=1,server=y,suspend=n,address=127.0.0.1:56444
Begin MonoManager ReloadAssembly
Registering precompiled unity dll's ...
Register platform support module: C:/Program Files/Unity/Hub/Editor/2021.3.21f1/Editor/Data/PlaybackEngines/WebGLSupport/UnityEditor.WebGL.Extensions.dll
Register platform support module: C:/Program Files/Unity/Hub/Editor/2021.3.21f1/Editor/Data/PlaybackEngines/WindowsStandaloneSupport/UnityEditor.WindowsStandalone.Extensions.dll
Registered in 0.005421 seconds.
Native extension for WindowsStandalone target not found
Native extension for WebGL target not found
Refreshing native plugins compatible for Editor in 95.62 ms, found 4 plugins.
Preloading 0 native plugins for Editor in 0.00 ms.
Mono: successfully reloaded assembly
- Completed reload, in  0.674 seconds
Domain Reload Profiling:
	ReloadAssembly (674ms)
		BeginReloadAssembly (88ms)
			ExecutionOrderSort (0ms)
			DisableScriptedObjects (0ms)
			BackupInstance (0ms)
			ReleaseScriptingObjects (0ms)
			CreateAndSetChildDomain (1ms)
		EndReloadAssembly (485ms)
			LoadAssemblies (85ms)
			RebuildTransferFunctionScriptingTraits (0ms)
			SetupTypeCache (111ms)
			ReleaseScriptCaches (0ms)
			RebuildScriptCaches (29ms)
			SetupLoadedEditorAssemblies (287ms)
				LogAssemblyErrors (0ms)
				InitializePlatformSupportModulesInManaged (10ms)
				SetLoadedEditorAssemblies (0ms)
				RefreshPlugins (96ms)
				BeforeProcessingInitializeOnLoad (1ms)
				ProcessInitializeOnLoadAttributes (131ms)
				ProcessInitializeOnLoadMethodAttributes (50ms)
				AfterProcessingInitializeOnLoad (0ms)
				EditorAssembliesLoaded (0ms)
			ExecutionOrderSort2 (0ms)
			AwakeInstancesAfterBackupRestoration (0ms)
Platform modules already initialized, skipping
Registering precompiled user dll's ...
Registered in 0.004998 seconds.
Begin MonoManager ReloadAssembly
Symbol file LoadedFromMemory doesn't match image D:\FU\ProgramingLanguages\Unity\PairingGame\Library\PackageCache\com.unity.visualscripting@1.8.0\Editor\VisualScripting.Core\Dependencies\YamlDotNet\Unity.VisualScripting.YamlDotNet.dll
Symbol file LoadedFromMemory doesn't match image D:\FU\ProgramingLanguages\Unity\PairingGame\Library\PackageCache\com.unity.visualscripting@1.8.0\Editor\VisualScripting.Core\Dependencies\DotNetZip\Unity.VisualScripting.IonicZip.dll
Native extension for WindowsStandalone target not found
Native extension for WebGL target not found
Refreshing native plugins compatible for Editor in 100.10 ms, found 4 plugins.
Preloading 0 native plugins for Editor in 0.00 ms.
Mono: successfully reloaded assembly
Package Manager log level set to [2]
- Completed reload, in  1.441 seconds
Domain Reload Profiling:
	ReloadAssembly (1442ms)
		BeginReloadAssembly (152ms)
			ExecutionOrderSort (0ms)
			DisableScriptedObjects (8ms)
			BackupInstance (0ms)
			ReleaseScriptingObjects (0ms)
			CreateAndSetChildDomain (25ms)
		EndReloadAssembly (1135ms)
			LoadAssemblies (199ms)
			RebuildTransferFunctionScriptingTraits (0ms)
			SetupTypeCache (306ms)
			ReleaseScriptCaches (1ms)
			RebuildScriptCaches (79ms)
			SetupLoadedEditorAssemblies (486ms)
				LogAssemblyErrors (0ms)
				InitializePlatformSupportModulesInManaged (5ms)
				SetLoadedEditorAssemblies (0ms)
				RefreshPlugins (100ms)
				BeforeProcessingInitializeOnLoad (104ms)
				ProcessInitializeOnLoadAttributes (228ms)
				ProcessInitializeOnLoadMethodAttributes (42ms)
				AfterProcessingInitializeOnLoad (6ms)
				EditorAssembliesLoaded (0ms)
			ExecutionOrderSort2 (0ms)
			AwakeInstancesAfterBackupRestoration (8ms)
Platform modules already initialized, skipping
========================================================================
Worker process is ready to serve import requests
Launched and connected shader compiler UnityShaderCompiler.exe after 0.06 seconds
Refreshing native plugins compatible for Editor in 0.85 ms, found 4 plugins.
Preloading 0 native plugins for Editor in 0.00 ms.
Unloading 3979 Unused Serialized files (Serialized files now loaded: 0)
Unloading 56 unused Assets / (228.8 KB). Loaded Objects now: 4417.
Memory consumption went from 150.1 MB to 149.9 MB.
Total: 3.671700 ms (FindLiveObjects: 0.216800 ms CreateObjectMapping: 0.138100 ms MarkObjects: 3.148900 ms  DeleteObjects: 0.166300 ms)

AssetImportParameters requested are different than current active one (requested -> active):
  custom:video-decoder-ogg-theora: a1e56fd34408186e4bbccfd4996cb3dc -> 
  custom:container-muxer-webm: aa71ff27fc2769a1b78a27578f13a17b -> 
  custom:container-demuxer-webm: 4f35f7cbe854078d1ac9338744f61a02 -> 
  custom:video-encoder-webm-vp8: eb34c28f22e8b96e1ab97ce403110664 -> 
  custom:video-codec-MediaFoundation-h265: 746d11721c4dcdbdad8f713fa42b33f4 -> 
  custom:audio-encoder-webm-vorbis: bf7c407c2cedff20999df2af8eb42d56 -> 
  custom:framework-win-MediaFoundation: 216162199b28c13a410421893ffa2e32 -> 
  custom:container-demuxer-ogg: 62fdf1f143b41e24485cea50d1cbac27 -> 
  custom:video-decoder-webm-vp8: 9c59270c3fd7afecdb556c50c9e8de78 -> 
  custom:audio-decoder-ogg-vorbis: bf7c407c2cedff20999df2af8eb42d56 -> 
========================================================================
Received Import Request.
  Time since last request: 144968.569886 seconds.
  path: Assets/image 1.controller
  artifactKey: Guid(c606c50417fd5164f892dfa3473ef235) Importer(815301076,1909f56bfc062723c751e8b465ee728b)
Start importing Assets/image 1.controller using Guid(c606c50417fd5164f892dfa3473ef235) Importer(815301076,1909f56bfc062723c751e8b465ee728b)  -> (artifact id: '6c1047effa5e855dc49146dfc93556e3') in 0.035423 seconds 
========================================================================
Received Import Request.
  Time since last request: 19.825806 seconds.
  path: Assets/EnvironmentPalette.prefab
  artifactKey: Guid(26ede8130ceddbd408a3a63d48e1d661) Importer(815301076,1909f56bfc062723c751e8b465ee728b)
Start importing Assets/EnvironmentPalette.prefab using Guid(26ede8130ceddbd408a3a63d48e1d661) Importer(815301076,1909f56bfc062723c751e8b465ee728b)  -> (artifact id: 'd22f24f2cb60c528bd0a4df4410dd9ec') in 0.120927 seconds 
========================================================================
Received Import Request.
  Time since last request: 61.975451 seconds.
  path: Assets/EnvironmentPalette.prefab
  artifactKey: Guid(26ede8130ceddbd408a3a63d48e1d661) Importer(815301076,1909f56bfc062723c751e8b465ee728b)
Start importing Assets/EnvironmentPalette.prefab using Guid(26ede8130ceddbd408a3a63d48e1d661) Importer(815301076,1909f56bfc062723c751e8b465ee728b)  -> (artifact id: '2547d74fe835a0937393eae5488664d6') in 0.049765 seconds 
========================================================================
Received Import Request.
  Time since last request: 103.417869 seconds.
  path: Assets/EnvironmentPalette.prefab
  artifactKey: Guid(26ede8130ceddbd408a3a63d48e1d661) Importer(815301076,1909f56bfc062723c751e8b465ee728b)
Start importing Assets/EnvironmentPalette.prefab using Guid(26ede8130ceddbd408a3a63d48e1d661) Importer(815301076,1909f56bfc062723c751e8b465ee728b)  -> (artifact id: 'bc0d365fd53b960960f987dbccbd79d0') in 0.027814 seconds 
========================================================================
Received Import Request.
  Time since last request: 46.602478 seconds.
  path: Assets/EnvironmentPalette.prefab
  artifactKey: Guid(26ede8130ceddbd408a3a63d48e1d661) Importer(815301076,1909f56bfc062723c751e8b465ee728b)
Start importing Assets/EnvironmentPalette.prefab using Guid(26ede8130ceddbd408a3a63d48e1d661) Importer(815301076,1909f56bfc062723c751e8b465ee728b)  -> (artifact id: 'd3aacfe726f30cd965461e1ccda7922c') in 0.028389 seconds 
========================================================================
Received Import Request.
  Time since last request: 2.791471 seconds.
  path: Assets/EnvironmentPalette.prefab
  artifactKey: Guid(26ede8130ceddbd408a3a63d48e1d661) Importer(815301076,1909f56bfc062723c751e8b465ee728b)
Start importing Assets/EnvironmentPalette.prefab using Guid(26ede8130ceddbd408a3a63d48e1d661) Importer(815301076,1909f56bfc062723c751e8b465ee728b)  -> (artifact id: 'aa17e94457a42033eee3edb1ab762dba') in 0.039386 seconds 
========================================================================
Received Import Request.
  Time since last request: 2.790190 seconds.
  path: Assets/EnvironmentPalette.prefab
  artifactKey: Guid(26ede8130ceddbd408a3a63d48e1d661) Importer(815301076,1909f56bfc062723c751e8b465ee728b)
Start importing Assets/EnvironmentPalette.prefab using Guid(26ede8130ceddbd408a3a63d48e1d661) Importer(815301076,1909f56bfc062723c751e8b465ee728b)  -> (artifact id: '568768d6517f2b19abc0eade24565314') in 0.024628 seconds 
========================================================================
Received Import Request.
  Time since last request: 18.690404 seconds.
  path: Assets/EnvironmentPalette.prefab
  artifactKey: Guid(26ede8130ceddbd408a3a63d48e1d661) Importer(815301076,1909f56bfc062723c751e8b465ee728b)
Start importing Assets/EnvironmentPalette.prefab using Guid(26ede8130ceddbd408a3a63d48e1d661) Importer(815301076,1909f56bfc062723c751e8b465ee728b)  -> (artifact id: '272de42dc7c0fbc303aa2adfcf80d747') in 0.024107 seconds 
========================================================================
Received Import Request.
  Time since last request: 68.562765 seconds.
  path: Assets/Scenes/Scene2.unity
  artifactKey: Guid(42e13c79894049f4595c638ba9fda60f) Importer(815301076,1909f56bfc062723c751e8b465ee728b)
Start importing Assets/Scenes/Scene2.unity using Guid(42e13c79894049f4595c638ba9fda60f) Importer(815301076,1909f56bfc062723c751e8b465ee728b)  -> (artifact id: '629e230eba0a56e1f56dac6cdb45003d') in 0.008645 seconds 
========================================================================
Received Prepare
Registering precompiled user dll's ...
Registered in 0.002417 seconds.
Begin MonoManager ReloadAssembly
Symbol file LoadedFromMemory doesn't match image D:\FU\ProgramingLanguages\Unity\PairingGame\Library\PackageCache\com.unity.visualscripting@1.8.0\Editor\VisualScripting.Core\Dependencies\YamlDotNet\Unity.VisualScripting.YamlDotNet.dll
Symbol file LoadedFromMemory doesn't match image D:\FU\ProgramingLanguages\Unity\PairingGame\Library\PackageCache\com.unity.visualscripting@1.8.0\Editor\VisualScripting.Core\Dependencies\DotNetZip\Unity.VisualScripting.IonicZip.dll
Native extension for WindowsStandalone target not found
Native extension for WebGL target not found
Refreshing native plugins compatible for Editor in 0.92 ms, found 4 plugins.
Preloading 0 native plugins for Editor in 0.00 ms.
Mono: successfully reloaded assembly
- Completed reload, in  0.986 seconds
Domain Reload Profiling:
	ReloadAssembly (987ms)
		BeginReloadAssembly (109ms)
			ExecutionOrderSort (0ms)
			DisableScriptedObjects (4ms)
			BackupInstance (0ms)
			ReleaseScriptingObjects (0ms)
			CreateAndSetChildDomain (31ms)
		EndReloadAssembly (809ms)
			LoadAssemblies (71ms)
			RebuildTransferFunctionScriptingTraits (0ms)
			SetupTypeCache (230ms)
			ReleaseScriptCaches (2ms)
			RebuildScriptCaches (50ms)
			SetupLoadedEditorAssemblies (380ms)
				LogAssemblyErrors (0ms)
				InitializePlatformSupportModulesInManaged (10ms)
				SetLoadedEditorAssemblies (1ms)
				RefreshPlugins (1ms)
				BeforeProcessingInitializeOnLoad (85ms)
				ProcessInitializeOnLoadAttributes (230ms)
				ProcessInitializeOnLoadMethodAttributes (45ms)
				AfterProcessingInitializeOnLoad (9ms)
				EditorAssembliesLoaded (0ms)
			ExecutionOrderSort2 (0ms)
			AwakeInstancesAfterBackupRestoration (15ms)
Platform modules already initialized, skipping
Refreshing native plugins compatible for Editor in 2.45 ms, found 4 plugins.
Preloading 0 native plugins for Editor in 0.00 ms.
Unloading 3974 Unused Serialized files (Serialized files now loaded: 0)
Unloading 43 unused Assets / (196.6 KB). Loaded Objects now: 4428.
Memory consumption went from 154.0 MB to 153.8 MB.
Total: 3.714400 ms (FindLiveObjects: 0.224800 ms CreateObjectMapping: 0.115400 ms MarkObjects: 3.202400 ms  DeleteObjects: 0.170400 ms)

AssetImportParameters requested are different than current active one (requested -> active):
  custom:video-decoder-ogg-theora: a1e56fd34408186e4bbccfd4996cb3dc -> 
  custom:container-muxer-webm: aa71ff27fc2769a1b78a27578f13a17b -> 
  custom:container-demuxer-webm: 4f35f7cbe854078d1ac9338744f61a02 -> 
  custom:video-encoder-webm-vp8: eb34c28f22e8b96e1ab97ce403110664 -> 
  custom:video-codec-MediaFoundation-h265: 746d11721c4dcdbdad8f713fa42b33f4 -> 
  custom:audio-encoder-webm-vorbis: bf7c407c2cedff20999df2af8eb42d56 -> 
  custom:framework-win-MediaFoundation: 216162199b28c13a410421893ffa2e32 -> 
  custom:container-demuxer-ogg: 62fdf1f143b41e24485cea50d1cbac27 -> 
  custom:video-decoder-webm-vp8: 9c59270c3fd7afecdb556c50c9e8de78 -> 
  custom:audio-decoder-ogg-vorbis: bf7c407c2cedff20999df2af8eb42d56 -> 
========================================================================
Received Prepare
Registering precompiled user dll's ...
Registered in 0.003074 seconds.
Begin MonoManager ReloadAssembly
Symbol file LoadedFromMemory doesn't match image D:\FU\ProgramingLanguages\Unity\PairingGame\Library\PackageCache\com.unity.visualscripting@1.8.0\Editor\VisualScripting.Core\Dependencies\YamlDotNet\Unity.VisualScripting.YamlDotNet.dll
Symbol file LoadedFromMemory doesn't match image D:\FU\ProgramingLanguages\Unity\PairingGame\Library\PackageCache\com.unity.visualscripting@1.8.0\Editor\VisualScripting.Core\Dependencies\DotNetZip\Unity.VisualScripting.IonicZip.dll
Native extension for WindowsStandalone target not found
Native extension for WebGL target not found
Refreshing native plugins compatible for Editor in 0.79 ms, found 4 plugins.
Preloading 0 native plugins for Editor in 0.00 ms.
Mono: successfully reloaded assembly
- Completed reload, in  1.021 seconds
Domain Reload Profiling:
	ReloadAssembly (1022ms)
		BeginReloadAssembly (105ms)
			ExecutionOrderSort (0ms)
			DisableScriptedObjects (5ms)
			BackupInstance (0ms)
			ReleaseScriptingObjects (0ms)
			CreateAndSetChildDomain (30ms)
		EndReloadAssembly (847ms)
			LoadAssemblies (69ms)
			RebuildTransferFunctionScriptingTraits (0ms)
			SetupTypeCache (237ms)
			ReleaseScriptCaches (2ms)
			RebuildScriptCaches (59ms)
			SetupLoadedEditorAssemblies (395ms)
				LogAssemblyErrors (0ms)
				InitializePlatformSupportModulesInManaged (9ms)
				SetLoadedEditorAssemblies (1ms)
				RefreshPlugins (1ms)
				BeforeProcessingInitializeOnLoad (79ms)
				ProcessInitializeOnLoadAttributes (254ms)
				ProcessInitializeOnLoadMethodAttributes (43ms)
				AfterProcessingInitializeOnLoad (8ms)
				EditorAssembliesLoaded (0ms)
			ExecutionOrderSort2 (0ms)
			AwakeInstancesAfterBackupRestoration (13ms)
Platform modules already initialized, skipping
Refreshing native plugins compatible for Editor in 3.70 ms, found 4 plugins.
Preloading 0 native plugins for Editor in 0.00 ms.
Unloading 3974 Unused Serialized files (Serialized files now loaded: 0)
Unloading 43 unused Assets / (196.3 KB). Loaded Objects now: 4431.
Memory consumption went from 154.0 MB to 153.8 MB.
Total: 3.773000 ms (FindLiveObjects: 0.245900 ms CreateObjectMapping: 0.122800 ms MarkObjects: 3.241900 ms  DeleteObjects: 0.160800 ms)

AssetImportParameters requested are different than current active one (requested -> active):
  custom:video-decoder-ogg-theora: a1e56fd34408186e4bbccfd4996cb3dc -> 
  custom:container-muxer-webm: aa71ff27fc2769a1b78a27578f13a17b -> 
  custom:container-demuxer-webm: 4f35f7cbe854078d1ac9338744f61a02 -> 
  custom:video-encoder-webm-vp8: eb34c28f22e8b96e1ab97ce403110664 -> 
  custom:video-codec-MediaFoundation-h265: 746d11721c4dcdbdad8f713fa42b33f4 -> 
  custom:audio-encoder-webm-vorbis: bf7c407c2cedff20999df2af8eb42d56 -> 
  custom:framework-win-MediaFoundation: 216162199b28c13a410421893ffa2e32 -> 
  custom:container-demuxer-ogg: 62fdf1f143b41e24485cea50d1cbac27 -> 
  custom:video-decoder-webm-vp8: 9c59270c3fd7afecdb556c50c9e8de78 -> 
  custom:audio-decoder-ogg-vorbis: bf7c407c2cedff20999df2af8eb42d56 -> 
========================================================================
Received Prepare
Registering precompiled user dll's ...
Registered in 0.003577 seconds.
Begin MonoManager ReloadAssembly
Symbol file LoadedFromMemory doesn't match image D:\FU\ProgramingLanguages\Unity\PairingGame\Library\PackageCache\com.unity.visualscripting@1.8.0\Editor\VisualScripting.Core\Dependencies\YamlDotNet\Unity.VisualScripting.YamlDotNet.dll
Symbol file LoadedFromMemory doesn't match image D:\FU\ProgramingLanguages\Unity\PairingGame\Library\PackageCache\com.unity.visualscripting@1.8.0\Editor\VisualScripting.Core\Dependencies\DotNetZip\Unity.VisualScripting.IonicZip.dll
Native extension for WindowsStandalone target not found
Native extension for WebGL target not found
Refreshing native plugins compatible for Editor in 0.96 ms, found 4 plugins.
Preloading 0 native plugins for Editor in 0.00 ms.
Mono: successfully reloaded assembly
- Completed reload, in  0.982 seconds
Domain Reload Profiling:
	ReloadAssembly (983ms)
		BeginReloadAssembly (110ms)
			ExecutionOrderSort (0ms)
			DisableScriptedObjects (7ms)
			BackupInstance (0ms)
			ReleaseScriptingObjects (0ms)
			CreateAndSetChildDomain (28ms)
		EndReloadAssembly (807ms)
			LoadAssemblies (69ms)
			RebuildTransferFunctionScriptingTraits (0ms)
			SetupTypeCache (188ms)
			ReleaseScriptCaches (2ms)
			RebuildScriptCaches (52ms)
			SetupLoadedEditorAssemblies (410ms)
				LogAssemblyErrors (0ms)
				InitializePlatformSupportModulesInManaged (9ms)
				SetLoadedEditorAssemblies (1ms)
				RefreshPlugins (1ms)
				BeforeProcessingInitializeOnLoad (86ms)
				ProcessInitializeOnLoadAttributes (263ms)
				ProcessInitializeOnLoadMethodAttributes (44ms)
				AfterProcessingInitializeOnLoad (6ms)
				EditorAssembliesLoaded (0ms)
			ExecutionOrderSort2 (0ms)
			AwakeInstancesAfterBackupRestoration (10ms)
Platform modules already initialized, skipping
Refreshing native plugins compatible for Editor in 2.20 ms, found 4 plugins.
Preloading 0 native plugins for Editor in 0.00 ms.
Unloading 3974 Unused Serialized files (Serialized files now loaded: 0)
Unloading 43 unused Assets / (196.9 KB). Loaded Objects now: 4434.
Memory consumption went from 154.0 MB to 153.8 MB.
Total: 2.848600 ms (FindLiveObjects: 0.194100 ms CreateObjectMapping: 0.098800 ms MarkObjects: 2.409300 ms  DeleteObjects: 0.145100 ms)

AssetImportParameters requested are different than current active one (requested -> active):
  custom:video-decoder-ogg-theora: a1e56fd34408186e4bbccfd4996cb3dc -> 
  custom:container-muxer-webm: aa71ff27fc2769a1b78a27578f13a17b -> 
  custom:container-demuxer-webm: 4f35f7cbe854078d1ac9338744f61a02 -> 
  custom:video-encoder-webm-vp8: eb34c28f22e8b96e1ab97ce403110664 -> 
  custom:video-codec-MediaFoundation-h265: 746d11721c4dcdbdad8f713fa42b33f4 -> 
  custom:audio-encoder-webm-vorbis: bf7c407c2cedff20999df2af8eb42d56 -> 
  custom:framework-win-MediaFoundation: 216162199b28c13a410421893ffa2e32 -> 
  custom:container-demuxer-ogg: 62fdf1f143b41e24485cea50d1cbac27 -> 
  custom:video-decoder-webm-vp8: 9c59270c3fd7afecdb556c50c9e8de78 -> 
  custom:audio-decoder-ogg-vorbis: bf7c407c2cedff20999df2af8eb42d56 -> 
========================================================================
Received Import Request.
  Time since last request: 204.244719 seconds.
  path: Assets/Scenes/Scene2.unity
  artifactKey: Guid(42e13c79894049f4595c638ba9fda60f) Importer(815301076,1909f56bfc062723c751e8b465ee728b)
Start importing Assets/Scenes/Scene2.unity using Guid(42e13c79894049f4595c638ba9fda60f) Importer(815301076,1909f56bfc062723c751e8b465ee728b)  -> (artifact id: '8da9947cf07a3153cd55b56cb571c053') in 0.016782 seconds 
========================================================================
Received Import Request.
  Time since last request: 252.936178 seconds.
  path: Assets/Platte128.prefab
  artifactKey: Guid(980cfe9282a2eb043805e401efda3738) Importer(815301076,1909f56bfc062723c751e8b465ee728b)
Start importing Assets/Platte128.prefab using Guid(980cfe9282a2eb043805e401efda3738) Importer(815301076,1909f56bfc062723c751e8b465ee728b)  -> (artifact id: 'fe16510740451ced8a64a7b4dbec3158') in 0.042299 seconds 
========================================================================
Received Import Request.
  Time since last request: 13.140176 seconds.
  path: Assets/Platte128.prefab
  artifactKey: Guid(980cfe9282a2eb043805e401efda3738) Importer(815301076,1909f56bfc062723c751e8b465ee728b)
Start importing Assets/Platte128.prefab using Guid(980cfe9282a2eb043805e401efda3738) Importer(815301076,1909f56bfc062723c751e8b465ee728b)  -> (artifact id: '0e2ff2e0099c8b6b222eb780f9b3489c') in 0.031675 seconds 
========================================================================
Received Import Request.
  Time since last request: 33.774844 seconds.
  path: Assets/Platte128.prefab
  artifactKey: Guid(980cfe9282a2eb043805e401efda3738) Importer(815301076,1909f56bfc062723c751e8b465ee728b)
Start importing Assets/Platte128.prefab using Guid(980cfe9282a2eb043805e401efda3738) Importer(815301076,1909f56bfc062723c751e8b465ee728b)  -> (artifact id: '5fa6c30945a31cda822f668bf30c3f7c') in 0.039610 seconds 
========================================================================
Received Import Request.
  Time since last request: 256.253327 seconds.
  path: Assets/Platte128.prefab
  artifactKey: Guid(980cfe9282a2eb043805e401efda3738) Importer(815301076,1909f56bfc062723c751e8b465ee728b)
Start importing Assets/Platte128.prefab using Guid(980cfe9282a2eb043805e401efda3738) Importer(815301076,1909f56bfc062723c751e8b465ee728b)  -> (artifact id: '8f6d8d7811350489b387ac2a8ef79079') in 0.052044 seconds 
========================================================================
Received Import Request.
  Time since last request: 460.496783 seconds.
  path: Assets/Platte128.prefab
  artifactKey: Guid(980cfe9282a2eb043805e401efda3738) Importer(815301076,1909f56bfc062723c751e8b465ee728b)
Start importing Assets/Platte128.prefab using Guid(980cfe9282a2eb043805e401efda3738) Importer(815301076,1909f56bfc062723c751e8b465ee728b)  -> (artifact id: '868a00f4cab2bfc4c84a30d655ef4142') in 0.038405 seconds 
========================================================================
Received Import Request.
  Time since last request: 12.260457 seconds.
  path: Assets/EnvironmentPalette.prefab
  artifactKey: Guid(26ede8130ceddbd408a3a63d48e1d661) Importer(815301076,1909f56bfc062723c751e8b465ee728b)
Start importing Assets/EnvironmentPalette.prefab using Guid(26ede8130ceddbd408a3a63d48e1d661) Importer(815301076,1909f56bfc062723c751e8b465ee728b)  -> (artifact id: '2ab41a99b94ecfda40106782879c7c01') in 0.043347 seconds 
========================================================================
Received Import Request.
  Time since last request: 12.629236 seconds.
  path: Assets/Platte128.prefab
  artifactKey: Guid(980cfe9282a2eb043805e401efda3738) Importer(815301076,1909f56bfc062723c751e8b465ee728b)
Start importing Assets/Platte128.prefab using Guid(980cfe9282a2eb043805e401efda3738) Importer(815301076,1909f56bfc062723c751e8b465ee728b)  -> (artifact id: 'a9ef31a66d263bbb50113dfea311b79a') in 0.029132 seconds 
========================================================================
Received Import Request.
  Time since last request: 49.125049 seconds.
  path: Assets/EnvironmentPalette.prefab
  artifactKey: Guid(26ede8130ceddbd408a3a63d48e1d661) Importer(815301076,1909f56bfc062723c751e8b465ee728b)
Start importing Assets/EnvironmentPalette.prefab using Guid(26ede8130ceddbd408a3a63d48e1d661) Importer(815301076,1909f56bfc062723c751e8b465ee728b)  -> (artifact id: '1bcf1a127a2a5da14d93963384f008ac') in 0.027672 seconds 
========================================================================
Received Import Request.
  Time since last request: 11.978644 seconds.
  path: Assets/Coin.controller
  artifactKey: Guid(d25546597e8b7784cad1b267d093edd8) Importer(815301076,1909f56bfc062723c751e8b465ee728b)
Start importing Assets/Coin.controller using Guid(d25546597e8b7784cad1b267d093edd8) Importer(815301076,1909f56bfc062723c751e8b465ee728b)  -> (artifact id: '471191a00aa710951fd257511e72535c') in 0.012949 seconds 
========================================================================
Received Import Request.
  Time since last request: 107.417660 seconds.
  path: Assets/BayatGames/Free Platform Game Assets/Tiles/2D Tiles ( Update 1.9 )
  artifactKey: Guid(f24df406af5b44d4b93237a1564ea376) Importer(815301076,1909f56bfc062723c751e8b465ee728b)
Start importing Assets/BayatGames/Free Platform Game Assets/Tiles/2D Tiles ( Update 1.9 ) using Guid(f24df406af5b44d4b93237a1564ea376) Importer(815301076,1909f56bfc062723c751e8b465ee728b)  -> (artifact id: '8bae0560dff18e59b37e1a6e1f7a9a77') in 0.011421 seconds 
========================================================================
Received Import Request.
  Time since last request: 1.558855 seconds.
  path: Assets/BayatGames/Free Platform Game Assets/Tiles/2D Tiles ( Update 1.9 )/Winter
  artifactKey: Guid(3ef4fc8d15ae88443adc23afa70eb394) Importer(815301076,1909f56bfc062723c751e8b465ee728b)
Start importing Assets/BayatGames/Free Platform Game Assets/Tiles/2D Tiles ( Update 1.9 )/Winter using Guid(3ef4fc8d15ae88443adc23afa70eb394) Importer(815301076,1909f56bfc062723c751e8b465ee728b)  -> (artifact id: '59f623055260227a2119bd59f7e0625e') in 0.008385 seconds 
========================================================================
Received Import Request.
  Time since last request: 1.780261 seconds.
  path: Assets/BayatGames/Free Platform Game Assets/Tiles/2D Tiles ( Update 1.9 )/Winter/128x128
  artifactKey: Guid(1beb80f8bcea5064c8f4d2384cdc667c) Importer(815301076,1909f56bfc062723c751e8b465ee728b)
Start importing Assets/BayatGames/Free Platform Game Assets/Tiles/2D Tiles ( Update 1.9 )/Winter/128x128 using Guid(1beb80f8bcea5064c8f4d2384cdc667c) Importer(815301076,1909f56bfc062723c751e8b465ee728b)  -> (artifact id: '37c98a4c3bfd1032c709fb8eda769398') in 0.016741 seconds 
========================================================================
Received Import Request.
  Time since last request: 10.752449 seconds.
  path: Assets/BayatGames/Free Platform Game Assets/Tiles/2D Tiles ( Update 1.9 )/Spring/128x128/Grass.png
  artifactKey: Guid(d9b0a0dc2578b3e44b1dd00a404b2c93) Importer(815301076,1909f56bfc062723c751e8b465ee728b)
Start importing Assets/BayatGames/Free Platform Game Assets/Tiles/2D Tiles ( Update 1.9 )/Spring/128x128/Grass.png using Guid(d9b0a0dc2578b3e44b1dd00a404b2c93) Importer(815301076,1909f56bfc062723c751e8b465ee728b)  -> (artifact id: '3abf6e6b34a0f89f499ffcdf63d81721') in 0.056797 seconds 
========================================================================
Received Import Request.
  Time since last request: 0.000032 seconds.
  path: Assets/BayatGames/Free Platform Game Assets/Tiles/2D Tiles ( Update 1.9 )/Spring/128x128/GrassJoinHillLeft.png
  artifactKey: Guid(a8a146b2b6736984f9f272c4b20b8c0e) Importer(815301076,1909f56bfc062723c751e8b465ee728b)
Start importing Assets/BayatGames/Free Platform Game Assets/Tiles/2D Tiles ( Update 1.9 )/Spring/128x128/GrassJoinHillLeft.png using Guid(a8a146b2b6736984f9f272c4b20b8c0e) Importer(815301076,1909f56bfc062723c751e8b465ee728b)  -> (artifact id: '5a68f0cd39d22f161ab5ed08ee8ed691') in 0.030773 seconds 
========================================================================
Received Import Request.
  Time since last request: 0.000045 seconds.
  path: Assets/BayatGames/Free Platform Game Assets/Tiles/2D Tiles ( Update 1.9 )/Spring/128x128/GrassJoinHillRight.png
  artifactKey: Guid(a13cc953b849f3c4eb9bb5331ddb02af) Importer(815301076,1909f56bfc062723c751e8b465ee728b)
Start importing Assets/BayatGames/Free Platform Game Assets/Tiles/2D Tiles ( Update 1.9 )/Spring/128x128/GrassJoinHillRight.png using Guid(a13cc953b849f3c4eb9bb5331ddb02af) Importer(815301076,1909f56bfc062723c751e8b465ee728b)  -> (artifact id: 'f59428464f8a942d36bf9cde1dec99d8') in 0.027769 seconds 
========================================================================
Received Import Request.
  Time since last request: 0.000024 seconds.
  path: Assets/BayatGames/Free Platform Game Assets/Tiles/2D Tiles ( Update 1.9 )/Spring/128x128/GrassJoinHillLeft2 DownShadow.png
  artifactKey: Guid(793f003b3cdfcc54f9bf7010f8c14a14) Importer(815301076,1909f56bfc062723c751e8b465ee728b)
Start importing Assets/BayatGames/Free Platform Game Assets/Tiles/2D Tiles ( Update 1.9 )/Spring/128x128/GrassJoinHillLeft2 DownShadow.png using Guid(793f003b3cdfcc54f9bf7010f8c14a14) Importer(815301076,1909f56bfc062723c751e8b465ee728b)  -> (artifact id: 'aa61fe3db0729c88479dbfb769f2aa3a') in 0.031981 seconds 
========================================================================
Received Import Request.
  Time since last request: 0.000026 seconds.
  path: Assets/BayatGames/Free Platform Game Assets/Tiles/2D Tiles ( Update 1.9 )/Spring/128x128/GrassJoinHillLeft2.png
  artifactKey: Guid(010fb8b30364cd94a99f8e08da61dea4) Importer(815301076,1909f56bfc062723c751e8b465ee728b)
Start importing Assets/BayatGames/Free Platform Game Assets/Tiles/2D Tiles ( Update 1.9 )/Spring/128x128/GrassJoinHillLeft2.png using Guid(010fb8b30364cd94a99f8e08da61dea4) Importer(815301076,1909f56bfc062723c751e8b465ee728b)  -> (artifact id: '840a9e740ea3bb63b143d90f6ea96c49') in 0.034105 seconds 
========================================================================
Received Import Request.
  Time since last request: 0.000046 seconds.
  path: Assets/BayatGames/Free Platform Game Assets/Tiles/2D Tiles ( Update 1.9 )/Spring/128x128/GrassMid.png
  artifactKey: Guid(2f266993a232e3943831958fadb7093c) Importer(815301076,1909f56bfc062723c751e8b465ee728b)
Start importing Assets/BayatGames/Free Platform Game Assets/Tiles/2D Tiles ( Update 1.9 )/Spring/128x128/GrassMid.png using Guid(2f266993a232e3943831958fadb7093c) Importer(815301076,1909f56bfc062723c751e8b465ee728b)  -> (artifact id: '606aaade684f66ffe9451c59dce3fab2') in 0.029145 seconds 
========================================================================
Received Import Request.
  Time since last request: 0.000028 seconds.
  path: Assets/BayatGames/Free Platform Game Assets/Tiles/2D Tiles ( Update 1.9 )/Spring/128x128/GrassHillRight.png
  artifactKey: Guid(0fa00a8fe36a46a499db8f35e13e2cde) Importer(815301076,1909f56bfc062723c751e8b465ee728b)
Start importing Assets/BayatGames/Free Platform Game Assets/Tiles/2D Tiles ( Update 1.9 )/Spring/128x128/GrassHillRight.png using Guid(0fa00a8fe36a46a499db8f35e13e2cde) Importer(815301076,1909f56bfc062723c751e8b465ee728b)  -> (artifact id: 'feb152efe4972bf03a41e1da158c3bb3') in 0.031283 seconds 
========================================================================
Received Import Request.
  Time since last request: 0.000025 seconds.
  path: Assets/BayatGames/Free Platform Game Assets/Tiles/2D Tiles ( Update 1.9 )/Spring/128x128/GrassJoinHillRight2 DownShadow.png
  artifactKey: Guid(ccdf4d46216c5304cb6baa84dbea0fe0) Importer(815301076,1909f56bfc062723c751e8b465ee728b)
Start importing Assets/BayatGames/Free Platform Game Assets/Tiles/2D Tiles ( Update 1.9 )/Spring/128x128/GrassJoinHillRight2 DownShadow.png using Guid(ccdf4d46216c5304cb6baa84dbea0fe0) Importer(815301076,1909f56bfc062723c751e8b465ee728b)  -> (artifact id: '28235f84c9bf83eb31f09dc8fb073144') in 0.031102 seconds 
========================================================================
Received Import Request.
  Time since last request: 0.000020 seconds.
  path: Assets/BayatGames/Free Platform Game Assets/Tiles/2D Tiles ( Update 1.9 )/Spring/128x128/GrassJoinHillRight2&Left2.png
  artifactKey: Guid(858421e06a9c7b74d85db24c3245a1fd) Importer(815301076,1909f56bfc062723c751e8b465ee728b)
Start importing Assets/BayatGames/Free Platform Game Assets/Tiles/2D Tiles ( Update 1.9 )/Spring/128x128/GrassJoinHillRight2&Left2.png using Guid(858421e06a9c7b74d85db24c3245a1fd) Importer(815301076,1909f56bfc062723c751e8b465ee728b)  -> (artifact id: 'e1cab48a38ff701efc54464a3fb8b93b') in 0.030121 seconds 
========================================================================
Received Import Request.
  Time since last request: 0.000037 seconds.
  path: Assets/BayatGames/Free Platform Game Assets/Tiles/2D Tiles ( Update 1.9 )/Spring/128x128/GrassHillLeft2.png
  artifactKey: Guid(a15de4807924b4d428287d0a2b3dc832) Importer(815301076,1909f56bfc062723c751e8b465ee728b)
Start importing Assets/BayatGames/Free Platform Game Assets/Tiles/2D Tiles ( Update 1.9 )/Spring/128x128/GrassHillLeft2.png using Guid(a15de4807924b4d428287d0a2b3dc832) Importer(815301076,1909f56bfc062723c751e8b465ee728b)  -> (artifact id: '841642733a611efb4c16bae810be26e3') in 0.029035 seconds 
========================================================================
Received Import Request.
  Time since last request: 0.000029 seconds.
  path: Assets/BayatGames/Free Platform Game Assets/Tiles/2D Tiles ( Update 1.9 )/Spring/128x128/GrassCliffRight.png
  artifactKey: Guid(b661778ca4115214bbcd8d593f31fa1d) Importer(815301076,1909f56bfc062723c751e8b465ee728b)
Start importing Assets/BayatGames/Free Platform Game Assets/Tiles/2D Tiles ( Update 1.9 )/Spring/128x128/GrassCliffRight.png using Guid(b661778ca4115214bbcd8d593f31fa1d) Importer(815301076,1909f56bfc062723c751e8b465ee728b)  -> (artifact id: '4c8f66318a29e419807a53277108a212') in 0.028511 seconds 
========================================================================
Received Import Request.
  Time since last request: 0.000031 seconds.
  path: Assets/BayatGames/Free Platform Game Assets/Tiles/2D Tiles ( Update 1.9 )/Spring/128x128/GrassRight.png
  artifactKey: Guid(6647a81827a514d4bb1e39c9bb566d9f) Importer(815301076,1909f56bfc062723c751e8b465ee728b)
Start importing Assets/BayatGames/Free Platform Game Assets/Tiles/2D Tiles ( Update 1.9 )/Spring/128x128/GrassRight.png using Guid(6647a81827a514d4bb1e39c9bb566d9f) Importer(815301076,1909f56bfc062723c751e8b465ee728b)  -> (artifact id: 'a8a6473f7c9adca4d59da710b72e59c2') in 0.030245 seconds 
Editor requested this worker to shutdown with reason: Scaling down because of idle timeout
AssetImportWorker is now disconnected from the server
Process exiting
Exiting without the bug reporter. Application will terminate with return code 0